# project ns (3-dev) configured on Thu Oct 22 10:05:49 2015 by
# waf 1.8.13 (abi 98, python 20705f0 on darwin)
# using ./waf configure
#
----------------------------------------
Setting top to
/Users/ahume/Documents/UCSC/Thesis/inigo_ns3/ns-3-dev-git
----------------------------------------
Setting out to
/Users/ahume/Documents/UCSC/Thesis/inigo_ns3/ns-3-dev-git/build
----------------------------------------
Checking for 'clang' (C compiler)
find program=['clang'] paths=['/Users/ahume/.cabal/bin', '/Applications/ghc-7.8.3.app/Contents/bin', '/usr/bin', '/bin', '/usr/sbin', '/sbin', '/usr/local/bin', '/opt/X11/bin', '/usr/local/git/bin', '/usr/texbin', '/Users/ahume/Documents/UCSC/Winter15/Havoc/repos/hotcloud/monitor'] var='CC' -> ['/usr/bin/clang']
['/usr/bin/clang', '-dM', '-E', '-']
out: #define OBJC_NEW_PROPERTIES 1
#define _LP64 1
#define __APPLE_CC__ 6000
#define __APPLE__ 1
#define __ATOMIC_ACQUIRE 2
#define __ATOMIC_ACQ_REL 4
#define __ATOMIC_CONSUME 1
#define __ATOMIC_RELAXED 0
#define __ATOMIC_RELEASE 3
#define __ATOMIC_SEQ_CST 5
#define __BLOCKS__ 1
#define __BYTE_ORDER__ __ORDER_LITTLE_ENDIAN__
#define __CHAR16_TYPE__ unsigned short
#define __CHAR32_TYPE__ unsigned int
#define __CHAR_BIT__ 8
#define __CONSTANT_CFSTRINGS__ 1
#define __DBL_DENORM_MIN__ 4.9406564584124654e-324
#define __DBL_DIG__ 15
#define __DBL_EPSILON__ 2.2204460492503131e-16
#define __DBL_HAS_DENORM__ 1
#define __DBL_HAS_INFINITY__ 1
#define __DBL_HAS_QUIET_NAN__ 1
#define __DBL_MANT_DIG__ 53
#define __DBL_MAX_10_EXP__ 308
#define __DBL_MAX_EXP__ 1024
#define __DBL_MAX__ 1.7976931348623157e+308
#define __DBL_MIN_10_EXP__ (-307)
#define __DBL_MIN_EXP__ (-1021)
#define __DBL_MIN__ 2.2250738585072014e-308
#define __DECIMAL_DIG__ 21
#define __DYNAMIC__ 1
#define __ENVIRONMENT_MAC_OS_X_VERSION_MIN_REQUIRED__ 1090
#define __FINITE_MATH_ONLY__ 0
#define __FLT_DENORM_MIN__ 1.40129846e-45F
#define __FLT_DIG__ 6
#define __FLT_EPSILON__ 1.19209290e-7F
#define __FLT_EVAL_METHOD__ 0
#define __FLT_HAS_DENORM__ 1
#define __FLT_HAS_INFINITY__ 1
#define __FLT_HAS_QUIET_NAN__ 1
#define __FLT_MANT_DIG__ 24
#define __FLT_MAX_10_EXP__ 38
#define __FLT_MAX_EXP__ 128
#define __FLT_MAX__ 3.40282347e+38F
#define __FLT_MIN_10_EXP__ (-37)
#define __FLT_MIN_EXP__ (-125)
#define __FLT_MIN__ 1.17549435e-38F
#define __FLT_RADIX__ 2
#define __GCC_ATOMIC_BOOL_LOCK_FREE 2
#define __GCC_ATOMIC_CHAR16_T_LOCK_FREE 2
#define __GCC_ATOMIC_CHAR32_T_LOCK_FREE 2
#define __GCC_ATOMIC_CHAR_LOCK_FREE 2
#define __GCC_ATOMIC_INT_LOCK_FREE 2
#define __GCC_ATOMIC_LLONG_LOCK_FREE 2
#define __GCC_ATOMIC_LONG_LOCK_FREE 2
#define __GCC_ATOMIC_POINTER_LOCK_FREE 2
#define __GCC_ATOMIC_SHORT_LOCK_FREE 2
#define __GCC_ATOMIC_TEST_AND_SET_TRUEVAL 1
#define __GCC_ATOMIC_WCHAR_T_LOCK_FREE 2
#define __GCC_HAVE_SYNC_COMPARE_AND_SWAP_1 1
#define __GCC_HAVE_SYNC_COMPARE_AND_SWAP_16 1
#define __GCC_HAVE_SYNC_COMPARE_AND_SWAP_2 1
#define __GCC_HAVE_SYNC_COMPARE_AND_SWAP_4 1
#define __GCC_HAVE_SYNC_COMPARE_AND_SWAP_8 1
#define __GNUC_MINOR__ 2
#define __GNUC_PATCHLEVEL__ 1
#define __GNUC_STDC_INLINE__ 1
#define __GNUC__ 4
#define __GXX_ABI_VERSION 1002
#define __GXX_RTTI 1
#define __INT16_TYPE__ short
#define __INT32_TYPE__ int
#define __INT64_C_SUFFIX__ LL
#define __INT64_TYPE__ long long int
#define __INT8_TYPE__ char
#define __INTMAX_MAX__ 9223372036854775807L
#define __INTMAX_TYPE__ long int
#define __INTMAX_WIDTH__ 64
#define __INTPTR_TYPE__ long int
#define __INTPTR_WIDTH__ 64
#define __INT_MAX__ 2147483647
#define __LDBL_DENORM_MIN__ 3.64519953188247460253e-4951L
#define __LDBL_DIG__ 18
#define __LDBL_EPSILON__ 1.08420217248550443401e-19L
#define __LDBL_HAS_DENORM__ 1
#define __LDBL_HAS_INFINITY__ 1
#define __LDBL_HAS_QUIET_NAN__ 1
#define __LDBL_MANT_DIG__ 64
#define __LDBL_MAX_10_EXP__ 4932
#define __LDBL_MAX_EXP__ 16384
#define __LDBL_MAX__ 1.18973149535723176502e+4932L
#define __LDBL_MIN_10_EXP__ (-4931)
#define __LDBL_MIN_EXP__ (-16381)
#define __LDBL_MIN__ 3.36210314311209350626e-4932L
#define __LITTLE_ENDIAN__ 1
#define __LONG_LONG_MAX__ 9223372036854775807LL
#define __LONG_MAX__ 9223372036854775807L
#define __LP64__ 1
#define __MACH__ 1
#define __MMX__ 1
#define __NO_INLINE__ 1
#define __NO_MATH_INLINES 1
#define __ORDER_BIG_ENDIAN__ 4321
#define __ORDER_LITTLE_ENDIAN__ 1234
#define __ORDER_PDP_ENDIAN__ 3412
#define __PIC__ 2
#define __POINTER_WIDTH__ 64
#define __PRAGMA_REDEFINE_EXTNAME 1
#define __PTRDIFF_TYPE__ long int
#define __PTRDIFF_WIDTH__ 64
#define __REGISTER_PREFIX__ 
#define __SCHAR_MAX__ 127
#define __SHRT_MAX__ 32767
#define __SIG_ATOMIC_WIDTH__ 32
#define __SIZEOF_DOUBLE__ 8
#define __SIZEOF_FLOAT__ 4
#define __SIZEOF_INT128__ 16
#define __SIZEOF_INT__ 4
#define __SIZEOF_LONG_DOUBLE__ 16
#define __SIZEOF_LONG_LONG__ 8
#define __SIZEOF_LONG__ 8
#define __SIZEOF_POINTER__ 8
#define __SIZEOF_PTRDIFF_T__ 8
#define __SIZEOF_SHORT__ 2
#define __SIZEOF_SIZE_T__ 8
#define __SIZEOF_WCHAR_T__ 4
#define __SIZEOF_WINT_T__ 4
#define __SIZE_MAX__ 18446744073709551615UL
#define __SIZE_TYPE__ long unsigned int
#define __SIZE_WIDTH__ 64
#define __SSE2_MATH__ 1
#define __SSE2__ 1
#define __SSE3__ 1
#define __SSE_MATH__ 1
#define __SSE__ 1
#define __SSP__ 1
#define __SSSE3__ 1
#define __STDC_HOSTED__ 1
#define __STDC_UTF_16__ 1
#define __STDC_UTF_32__ 1
#define __STDC_VERSION__ 199901L
#define __STDC__ 1
#define __UINTMAX_TYPE__ long unsigned int
#define __USER_LABEL_PREFIX__ _
#define __VERSION__ "4.2.1 Compatible Apple LLVM 6.0 (clang-600.0.57)"
#define __WCHAR_MAX__ 2147483647
#define __WCHAR_TYPE__ int
#define __WCHAR_WIDTH__ 32
#define __WINT_TYPE__ int
#define __WINT_WIDTH__ 32
#define __amd64 1
#define __amd64__ 1
#define __apple_build_version__ 6000057
#define __block __attribute__((__blocks__(byref)))
#define __clang__ 1
#define __clang_major__ 6
#define __clang_minor__ 0
#define __clang_patchlevel__ 0
#define __clang_version__ "6.0 (clang-600.0.57)"
#define __core2 1
#define __core2__ 1
#define __llvm__ 1
#define __pic__ 2
#define __strong 
#define __tune_core2__ 1
#define __unsafe_unretained 
#define __weak __attribute__((objc_gc(weak)))
#define __x86_64 1
#define __x86_64__ 1

find program=['llvm-ar', 'ar'] paths=['/Users/ahume/.cabal/bin', '/Applications/ghc-7.8.3.app/Contents/bin', '/usr/bin', '/bin', '/usr/sbin', '/sbin', '/usr/local/bin', '/opt/X11/bin', '/usr/local/git/bin', '/usr/texbin', '/Users/ahume/Documents/UCSC/Winter15/Havoc/repos/hotcloud/monitor'] var='AR' -> ['/usr/bin/ar']
find program=['ar'] paths=['/Users/ahume/.cabal/bin', '/Applications/ghc-7.8.3.app/Contents/bin', '/usr/bin', '/bin', '/usr/sbin', '/sbin', '/usr/local/bin', '/opt/X11/bin', '/usr/local/git/bin', '/usr/texbin', '/Users/ahume/Documents/UCSC/Winter15/Havoc/repos/hotcloud/monitor'] var='AR' -> ['/usr/bin/ar']
/usr/bin/clang
----------------------------------------
Checking for cc version
6.0.0
----------------------------------------
Checking for 'clang++' (C++ compiler)
find program=['clang++'] paths=['/Users/ahume/.cabal/bin', '/Applications/ghc-7.8.3.app/Contents/bin', '/usr/bin', '/bin', '/usr/sbin', '/sbin', '/usr/local/bin', '/opt/X11/bin', '/usr/local/git/bin', '/usr/texbin', '/Users/ahume/Documents/UCSC/Winter15/Havoc/repos/hotcloud/monitor'] var='CXX' -> ['/usr/bin/clang++']
['/usr/bin/clang++', '-dM', '-E', '-']
out: #define OBJC_NEW_PROPERTIES 1
#define _LP64 1
#define __APPLE_CC__ 6000
#define __APPLE__ 1
#define __ATOMIC_ACQUIRE 2
#define __ATOMIC_ACQ_REL 4
#define __ATOMIC_CONSUME 1
#define __ATOMIC_RELAXED 0
#define __ATOMIC_RELEASE 3
#define __ATOMIC_SEQ_CST 5
#define __BLOCKS__ 1
#define __BYTE_ORDER__ __ORDER_LITTLE_ENDIAN__
#define __CHAR16_TYPE__ unsigned short
#define __CHAR32_TYPE__ unsigned int
#define __CHAR_BIT__ 8
#define __CONSTANT_CFSTRINGS__ 1
#define __DBL_DENORM_MIN__ 4.9406564584124654e-324
#define __DBL_DIG__ 15
#define __DBL_EPSILON__ 2.2204460492503131e-16
#define __DBL_HAS_DENORM__ 1
#define __DBL_HAS_INFINITY__ 1
#define __DBL_HAS_QUIET_NAN__ 1
#define __DBL_MANT_DIG__ 53
#define __DBL_MAX_10_EXP__ 308
#define __DBL_MAX_EXP__ 1024
#define __DBL_MAX__ 1.7976931348623157e+308
#define __DBL_MIN_10_EXP__ (-307)
#define __DBL_MIN_EXP__ (-1021)
#define __DBL_MIN__ 2.2250738585072014e-308
#define __DECIMAL_DIG__ 21
#define __DYNAMIC__ 1
#define __ENVIRONMENT_MAC_OS_X_VERSION_MIN_REQUIRED__ 1090
#define __FINITE_MATH_ONLY__ 0
#define __FLT_DENORM_MIN__ 1.40129846e-45F
#define __FLT_DIG__ 6
#define __FLT_EPSILON__ 1.19209290e-7F
#define __FLT_EVAL_METHOD__ 0
#define __FLT_HAS_DENORM__ 1
#define __FLT_HAS_INFINITY__ 1
#define __FLT_HAS_QUIET_NAN__ 1
#define __FLT_MANT_DIG__ 24
#define __FLT_MAX_10_EXP__ 38
#define __FLT_MAX_EXP__ 128
#define __FLT_MAX__ 3.40282347e+38F
#define __FLT_MIN_10_EXP__ (-37)
#define __FLT_MIN_EXP__ (-125)
#define __FLT_MIN__ 1.17549435e-38F
#define __FLT_RADIX__ 2
#define __GCC_ATOMIC_BOOL_LOCK_FREE 2
#define __GCC_ATOMIC_CHAR16_T_LOCK_FREE 2
#define __GCC_ATOMIC_CHAR32_T_LOCK_FREE 2
#define __GCC_ATOMIC_CHAR_LOCK_FREE 2
#define __GCC_ATOMIC_INT_LOCK_FREE 2
#define __GCC_ATOMIC_LLONG_LOCK_FREE 2
#define __GCC_ATOMIC_LONG_LOCK_FREE 2
#define __GCC_ATOMIC_POINTER_LOCK_FREE 2
#define __GCC_ATOMIC_SHORT_LOCK_FREE 2
#define __GCC_ATOMIC_TEST_AND_SET_TRUEVAL 1
#define __GCC_ATOMIC_WCHAR_T_LOCK_FREE 2
#define __GCC_HAVE_SYNC_COMPARE_AND_SWAP_1 1
#define __GCC_HAVE_SYNC_COMPARE_AND_SWAP_16 1
#define __GCC_HAVE_SYNC_COMPARE_AND_SWAP_2 1
#define __GCC_HAVE_SYNC_COMPARE_AND_SWAP_4 1
#define __GCC_HAVE_SYNC_COMPARE_AND_SWAP_8 1
#define __GNUC_MINOR__ 2
#define __GNUC_PATCHLEVEL__ 1
#define __GNUC_STDC_INLINE__ 1
#define __GNUC__ 4
#define __GXX_ABI_VERSION 1002
#define __GXX_RTTI 1
#define __INT16_TYPE__ short
#define __INT32_TYPE__ int
#define __INT64_C_SUFFIX__ LL
#define __INT64_TYPE__ long long int
#define __INT8_TYPE__ char
#define __INTMAX_MAX__ 9223372036854775807L
#define __INTMAX_TYPE__ long int
#define __INTMAX_WIDTH__ 64
#define __INTPTR_TYPE__ long int
#define __INTPTR_WIDTH__ 64
#define __INT_MAX__ 2147483647
#define __LDBL_DENORM_MIN__ 3.64519953188247460253e-4951L
#define __LDBL_DIG__ 18
#define __LDBL_EPSILON__ 1.08420217248550443401e-19L
#define __LDBL_HAS_DENORM__ 1
#define __LDBL_HAS_INFINITY__ 1
#define __LDBL_HAS_QUIET_NAN__ 1
#define __LDBL_MANT_DIG__ 64
#define __LDBL_MAX_10_EXP__ 4932
#define __LDBL_MAX_EXP__ 16384
#define __LDBL_MAX__ 1.18973149535723176502e+4932L
#define __LDBL_MIN_10_EXP__ (-4931)
#define __LDBL_MIN_EXP__ (-16381)
#define __LDBL_MIN__ 3.36210314311209350626e-4932L
#define __LITTLE_ENDIAN__ 1
#define __LONG_LONG_MAX__ 9223372036854775807LL
#define __LONG_MAX__ 9223372036854775807L
#define __LP64__ 1
#define __MACH__ 1
#define __MMX__ 1
#define __NO_INLINE__ 1
#define __NO_MATH_INLINES 1
#define __ORDER_BIG_ENDIAN__ 4321
#define __ORDER_LITTLE_ENDIAN__ 1234
#define __ORDER_PDP_ENDIAN__ 3412
#define __PIC__ 2
#define __POINTER_WIDTH__ 64
#define __PRAGMA_REDEFINE_EXTNAME 1
#define __PTRDIFF_TYPE__ long int
#define __PTRDIFF_WIDTH__ 64
#define __REGISTER_PREFIX__ 
#define __SCHAR_MAX__ 127
#define __SHRT_MAX__ 32767
#define __SIG_ATOMIC_WIDTH__ 32
#define __SIZEOF_DOUBLE__ 8
#define __SIZEOF_FLOAT__ 4
#define __SIZEOF_INT128__ 16
#define __SIZEOF_INT__ 4
#define __SIZEOF_LONG_DOUBLE__ 16
#define __SIZEOF_LONG_LONG__ 8
#define __SIZEOF_LONG__ 8
#define __SIZEOF_POINTER__ 8
#define __SIZEOF_PTRDIFF_T__ 8
#define __SIZEOF_SHORT__ 2
#define __SIZEOF_SIZE_T__ 8
#define __SIZEOF_WCHAR_T__ 4
#define __SIZEOF_WINT_T__ 4
#define __SIZE_MAX__ 18446744073709551615UL
#define __SIZE_TYPE__ long unsigned int
#define __SIZE_WIDTH__ 64
#define __SSE2_MATH__ 1
#define __SSE2__ 1
#define __SSE3__ 1
#define __SSE_MATH__ 1
#define __SSE__ 1
#define __SSP__ 1
#define __SSSE3__ 1
#define __STDC_HOSTED__ 1
#define __STDC_UTF_16__ 1
#define __STDC_UTF_32__ 1
#define __STDC_VERSION__ 199901L
#define __STDC__ 1
#define __UINTMAX_TYPE__ long unsigned int
#define __USER_LABEL_PREFIX__ _
#define __VERSION__ "4.2.1 Compatible Apple LLVM 6.0 (clang-600.0.57)"
#define __WCHAR_MAX__ 2147483647
#define __WCHAR_TYPE__ int
#define __WCHAR_WIDTH__ 32
#define __WINT_TYPE__ int
#define __WINT_WIDTH__ 32
#define __amd64 1
#define __amd64__ 1
#define __apple_build_version__ 6000057
#define __block __attribute__((__blocks__(byref)))
#define __clang__ 1
#define __clang_major__ 6
#define __clang_minor__ 0
#define __clang_patchlevel__ 0
#define __clang_version__ "6.0 (clang-600.0.57)"
#define __core2 1
#define __core2__ 1
#define __llvm__ 1
#define __pic__ 2
#define __strong 
#define __tune_core2__ 1
#define __unsafe_unretained 
#define __weak __attribute__((objc_gc(weak)))
#define __x86_64 1
#define __x86_64__ 1

find program=['llvm-ar', 'ar'] paths=['/Users/ahume/.cabal/bin', '/Applications/ghc-7.8.3.app/Contents/bin', '/usr/bin', '/bin', '/usr/sbin', '/sbin', '/usr/local/bin', '/opt/X11/bin', '/usr/local/git/bin', '/usr/texbin', '/Users/ahume/Documents/UCSC/Winter15/Havoc/repos/hotcloud/monitor'] var='AR' -> ['/usr/bin/ar']
(tool ar is already loaded, skipping)
/usr/bin/clang++
----------------------------------------
Checking for program 'python'
/usr/bin/python
find program=['python'] paths=['/Users/ahume/.cabal/bin', '/Applications/ghc-7.8.3.app/Contents/bin', '/usr/bin', '/bin', '/usr/sbin', '/sbin', '/usr/local/bin', '/opt/X11/bin', '/usr/local/git/bin', '/usr/texbin', '/Users/ahume/Documents/UCSC/Winter15/Havoc/repos/hotcloud/monitor'] var='PYTHON' -> ['/usr/bin/python']
['/usr/bin/python', '-c', 'import imp;print(imp.get_tag())']
err: Traceback (most recent call last):
  File "<string>", line 1, in <module>
AttributeError: 'module' object has no attribute 'get_tag'

['/usr/bin/python', '-c', 'import sys\nfor x in sys.version_info: print(str(x))']
out: 2
7
5
final
0

['/usr/bin/python', '-c', "from distutils.sysconfig import get_config_var, get_python_lib\n\nprint(repr(get_python_lib(standard_lib=0, prefix='/usr/local') or ''))"]
out: '/usr/local/lib/python2.7/site-packages'

'/usr/local/lib/python2.7/site-packages'

['/usr/bin/python', '-c', "from distutils.sysconfig import get_config_var, get_python_lib\n\nprint(repr(get_python_lib(plat_specific=1, standard_lib=0, prefix='/usr/local') or ''))"]
out: '/usr/local/lib/python2.7/site-packages'

'/usr/local/lib/python2.7/site-packages'

----------------------------------------
Checking for python version
(2, 7, 5, 'final', 0)
['/usr/bin/python', '-c', "from distutils.sysconfig import get_config_var, get_python_lib\n\nprint(repr(get_config_var('prefix') or ''))\nprint(repr(get_config_var('SO') or ''))\nprint(repr(get_config_var('LDFLAGS') or ''))\nprint(repr(get_config_var('LIBDIR') or ''))\nprint(repr(get_config_var('LIBPL') or ''))\nprint(repr(get_config_var('INCLUDEPY') or ''))\nprint(repr(get_config_var('Py_ENABLE_SHARED') or ''))\nprint(repr(get_config_var('MACOSX_DEPLOYMENT_TARGET') or ''))\nprint(repr(get_config_var('LDSHARED') or ''))\nprint(repr(get_config_var('CFLAGS') or ''))\nprint(repr(get_config_var('LDVERSION') or ''))"]
out: '/System/Library/Frameworks/Python.framework/Versions/2.7'
'.so'
'-arch x86_64 -arch i386            -Wl,-F.'
'/System/Library/Frameworks/Python.framework/Versions/2.7/lib'
'/System/Library/Frameworks/Python.framework/Versions/2.7/lib/python2.7/config'
'/System/Library/Frameworks/Python.framework/Versions/2.7/include/python2.7'
''
'10.9'
'cc -bundle -undefined dynamic_lookup -arch x86_64 -arch i386            -Wl,-F.'
'-fno-strict-aliasing -fno-common -dynamic -arch x86_64 -arch i386 -g -Os -pipe -fno-common -fno-strict-aliasing -fwrapv -DENABLE_DTRACE -DMACOSX -DNDEBUG -Wall -Wstrict-prototypes -Wshorten-64-to-32 -DNDEBUG -g -fwrapv -Os -Wall -Wstrict-prototypes -DENABLE_DTRACE'
''

'/System/Library/Frameworks/Python.framework/Versions/2.7'
'.so'
'-arch x86_64 -arch i386            -Wl,-F.'
'/System/Library/Frameworks/Python.framework/Versions/2.7/lib'
'/System/Library/Frameworks/Python.framework/Versions/2.7/lib/python2.7/config'
'/System/Library/Frameworks/Python.framework/Versions/2.7/include/python2.7'
''
'10.9'
'cc -bundle -undefined dynamic_lookup -arch x86_64 -arch i386            -Wl,-F.'
'-fno-strict-aliasing -fno-common -dynamic -arch x86_64 -arch i386 -g -Os -pipe -fno-common -fno-strict-aliasing -fwrapv -DENABLE_DTRACE -DMACOSX -DNDEBUG -Wall -Wstrict-prototypes -Wshorten-64-to-32 -DNDEBUG -g -fwrapv -Os -Wall -Wstrict-prototypes -DENABLE_DTRACE'
''

Configuration returned from ['/usr/bin/python']:
prefix = '/System/Library/Frameworks/Python.framework/Versions/2.7'
SO = '.so'
LDFLAGS = '-arch x86_64 -arch i386            -Wl,-F.'
LIBDIR = '/System/Library/Frameworks/Python.framework/Versions/2.7/lib'
LIBPL = '/System/Library/Frameworks/Python.framework/Versions/2.7/lib/python2.7/config'
INCLUDEPY = '/System/Library/Frameworks/Python.framework/Versions/2.7/include/python2.7'
Py_ENABLE_SHARED = ''
MACOSX_DEPLOYMENT_TARGET = '10.9'
LDSHARED = 'cc -bundle -undefined dynamic_lookup -arch x86_64 -arch i386            -Wl,-F.'
CFLAGS = '-fno-strict-aliasing -fno-common -dynamic -arch x86_64 -arch i386 -g -Os -pipe -fno-common -fno-strict-aliasing -fwrapv -DENABLE_DTRACE -DMACOSX -DNDEBUG -Wall -Wstrict-prototypes -Wshorten-64-to-32 -DNDEBUG -g -fwrapv -Os -Wall -Wstrict-prototypes -DENABLE_DTRACE'
LDVERSION = ''

----------------------------------------
python-config
/usr/bin/python-config
find program=['/usr/bin/python-config', 'python2.7-config', 'python-config-2.7', 'python2.7m-config'] paths=['/Users/ahume/.cabal/bin', '/Applications/ghc-7.8.3.app/Contents/bin', '/usr/bin', '/bin', '/usr/sbin', '/sbin', '/usr/local/bin', '/opt/X11/bin', '/usr/local/git/bin', '/usr/texbin', '/Users/ahume/Documents/UCSC/Winter15/Havoc/repos/hotcloud/monitor'] var='PYTHON_CONFIG' -> ['/usr/bin/python-config']
------------------------------------------------------------------
Asking python-config for pyembed '--cflags --libs --ldflags' flags
['/usr/bin/python-config', '--cflags', '--libs', '--ldflags']
out: -I/System/Library/Frameworks/Python.framework/Versions/2.7/include/python2.7 -I/System/Library/Frameworks/Python.framework/Versions/2.7/include/python2.7 -fno-strict-aliasing -fno-common -dynamic -arch x86_64 -arch i386 -g -Os -pipe -fno-common -fno-strict-aliasing -fwrapv -DENABLE_DTRACE -DMACOSX -DNDEBUG -Wall -Wstrict-prototypes -Wshorten-64-to-32 -DNDEBUG -g -fwrapv -Os -Wall -Wstrict-prototypes -DENABLE_DTRACE
-ldl -framework CoreFoundation -lpython2.7
-L/System/Library/Frameworks/Python.framework/Versions/2.7/lib/python2.7/config -ldl -framework CoreFoundation -lpython2.7

yes
------------------------------------------------------------------
Getting pyembed flags from python-config
==>

#include <Python.h>
#ifdef __cplusplus
extern "C" {
#endif
	void Py_Initialize(void);
	void Py_Finalize(void);
#ifdef __cplusplus
}
#endif
int main(int argc, char **argv)
{
   (void)argc; (void)argv;
   Py_Initialize();
   Py_Finalize();
   return 0;
}

<==
[1/2] Compiling [32mbuild/.conf_check_3b04a1bf130ef059257d5e469aeb9a00/test.cpp[0m

['/usr/bin/clang++', '-O0', '-ggdb', '-g3', '-Wall', '-Werror', '-fno-strict-aliasing', '-fno-common', '-dynamic', '-arch', 'x86_64', '-arch', 'i386', '-fno-common', '-fno-strict-aliasing', '-fwrapv', '-fwrapv', '-I/System/Library/Frameworks/Python.framework/Versions/2.7/include/python2.7', '-DNS3_BUILD_PROFILE_DEBUG', '-DNS3_ASSERT_ENABLE', '-DNS3_LOG_ENABLE', '-DPYTHONDIR="/usr/local/lib/python2.7/site-packages"', '-DPYTHONARCHDIR="/usr/local/lib/python2.7/site-packages"', '-DHAVE_PYEMBED=1', '-DENABLE_DTRACE', '-DMACOSX', '-DNDEBUG', '-DNDEBUG', '-DENABLE_DTRACE', '../test.cpp', '-c', '-o', '/Users/ahume/Documents/UCSC/Thesis/inigo_ns3/ns-3-dev-git/build/.conf_check_3b04a1bf130ef059257d5e469aeb9a00/testbuild/test.cpp.1.o']
[2/2] Linking [33mbuild/.conf_check_3b04a1bf130ef059257d5e469aeb9a00/testbuild/testprog[0m

['/usr/bin/clang++', '-arch', 'x86_64', '-arch', 'i386', 'test.cpp.1.o', '-o', '/Users/ahume/Documents/UCSC/Thesis/inigo_ns3/ns-3-dev-git/build/.conf_check_3b04a1bf130ef059257d5e469aeb9a00/testbuild/testprog', '-framework', 'CoreFoundation', '-L/System/Library/Frameworks/Python.framework/Versions/2.7/lib/python2.7/config', '-ldl', '-lpython2.7']
yes
------------------------------------------------------------------
Asking python-config for pyext '--cflags --libs --ldflags' flags
['/usr/bin/python-config', '--cflags', '--libs', '--ldflags']
out: -I/System/Library/Frameworks/Python.framework/Versions/2.7/include/python2.7 -I/System/Library/Frameworks/Python.framework/Versions/2.7/include/python2.7 -fno-strict-aliasing -fno-common -dynamic -arch x86_64 -arch i386 -g -Os -pipe -fno-common -fno-strict-aliasing -fwrapv -DENABLE_DTRACE -DMACOSX -DNDEBUG -Wall -Wstrict-prototypes -Wshorten-64-to-32 -DNDEBUG -g -fwrapv -Os -Wall -Wstrict-prototypes -DENABLE_DTRACE
-ldl -framework CoreFoundation -lpython2.7
-L/System/Library/Frameworks/Python.framework/Versions/2.7/lib/python2.7/config -ldl -framework CoreFoundation -lpython2.7

yes
------------------------------------------------------------------
Getting pyext flags from python-config
==>

#include <Python.h>
#ifdef __cplusplus
extern "C" {
#endif
	void Py_Initialize(void);
	void Py_Finalize(void);
#ifdef __cplusplus
}
#endif
int main(int argc, char **argv)
{
   (void)argc; (void)argv;
   Py_Initialize();
   Py_Finalize();
   return 0;
}

<==
[1/2] Compiling [32mbuild/.conf_check_91d94522b8b08f01f5a3152b1518b137/test.cpp[0m

['/usr/bin/clang++', '-O0', '-ggdb', '-g3', '-Wall', '-Werror', '-fPIC', '-fno-strict-aliasing', '-fno-common', '-dynamic', '-arch', 'x86_64', '-arch', 'i386', '-fno-common', '-fno-strict-aliasing', '-fwrapv', '-fwrapv', '-fPIC', '-I/System/Library/Frameworks/Python.framework/Versions/2.7/include/python2.7', '-DNS3_BUILD_PROFILE_DEBUG', '-DNS3_ASSERT_ENABLE', '-DNS3_LOG_ENABLE', '-DPYTHONDIR="/usr/local/lib/python2.7/site-packages"', '-DPYTHONARCHDIR="/usr/local/lib/python2.7/site-packages"', '-DHAVE_PYEMBED=1', '-DHAVE_PYEXT=1', '-DENABLE_DTRACE', '-DMACOSX', '-DNDEBUG', '-DNDEBUG', '-DENABLE_DTRACE', '../test.cpp', '-c', '-o', '/Users/ahume/Documents/UCSC/Thesis/inigo_ns3/ns-3-dev-git/build/.conf_check_91d94522b8b08f01f5a3152b1518b137/testbuild/test.cpp.1.o']
[2/2] Linking [33mbuild/.conf_check_91d94522b8b08f01f5a3152b1518b137/testbuild/testprog.so[0m

['/usr/bin/clang++', '-arch', 'x86_64', '-arch', 'i386', '-bundle', '-undefined', 'dynamic_lookup', 'test.cpp.1.o', '-o', '/Users/ahume/Documents/UCSC/Thesis/inigo_ns3/ns-3-dev-git/build/.conf_check_91d94522b8b08f01f5a3152b1518b137/testbuild/testprog.so', '-framework', 'CoreFoundation', '-L/System/Library/Frameworks/Python.framework/Versions/2.7/lib/python2.7/config', '-ldl', '-lpython2.7']
yes
------------------------------------------------------------------
Checking for compilation flag -Wno-array-bounds support
==>
int main() { return 0; }
<==
[1/1] Compiling [32mbuild/.conf_check_8d6c61b4cde4bc1098d58e563f640896/test.cpp[0m

['/usr/bin/clang++', '-O0', '-ggdb', '-g3', '-Wall', '-Werror', '-Wno-array-bounds', '-DNS3_BUILD_PROFILE_DEBUG', '-DNS3_ASSERT_ENABLE', '-DNS3_LOG_ENABLE', '-DPYTHONDIR="/usr/local/lib/python2.7/site-packages"', '-DPYTHONARCHDIR="/usr/local/lib/python2.7/site-packages"', '-DHAVE_PYEMBED=1', '-DHAVE_PYEXT=1', '-DHAVE_PYTHON_H=1', '../test.cpp', '-c', '-o', '/Users/ahume/Documents/UCSC/Thesis/inigo_ns3/ns-3-dev-git/build/.conf_check_8d6c61b4cde4bc1098d58e563f640896/testbuild/test.cpp.1.o']
ok
------------------------------------------------------------------
Checking for pybindgen location
not found
------------------------------------------------------------------
Checking for python module 'pybindgen'
['/usr/bin/python', '-c', "\nimport pybindgen as current_module\nversion = getattr(current_module, '__version__', None)\nif version is not None:\n\tprint(str(version))\nelse:\n\tprint('unknown version')\n"]
err: Traceback (most recent call last):
  File "<string>", line 2, in <module>
ImportError: No module named pybindgen

not found
from /Users/ahume/Documents/UCSC/Thesis/inigo_ns3/ns-3-dev-git/bindings/python: Could not find the python module 'pybindgen'
------------------------------------------------------------------
Checking boost includes
headers not found, please provide a --boost-includes argument (see help)
from /Users/ahume/Documents/UCSC/Thesis/inigo_ns3/ns-3-dev-git/src: The configuration failed
------------------------------------------------------------------
Checking boost includes
headers not found, please provide a --boost-includes argument (see help)
from /Users/ahume/Documents/UCSC/Thesis/inigo_ns3/ns-3-dev-git/src: The configuration failed
------------------------------------------------------------------
Checking for click location
not found
------------------------------------------------------------------
Checking for program 'pkg-config'
not found
find program=['pkg-config'] paths=['/Users/ahume/.cabal/bin', '/Applications/ghc-7.8.3.app/Contents/bin', '/usr/bin', '/bin', '/usr/sbin', '/sbin', '/usr/local/bin', '/opt/X11/bin', '/usr/local/git/bin', '/usr/texbin', '/Users/ahume/Documents/UCSC/Winter15/Havoc/repos/hotcloud/monitor'] var='PKGCONFIG' -> None
from /Users/ahume/Documents/UCSC/Thesis/inigo_ns3/ns-3-dev-git/src/config-store: Could not find the program ['pkg-config']
------------------------------------------------------------------
Checking for program 'pkg-config'
not found
find program=['pkg-config'] paths=['/Users/ahume/.cabal/bin', '/Applications/ghc-7.8.3.app/Contents/bin', '/usr/bin', '/bin', '/usr/sbin', '/sbin', '/usr/local/bin', '/opt/X11/bin', '/usr/local/git/bin', '/usr/texbin', '/Users/ahume/Documents/UCSC/Winter15/Havoc/repos/hotcloud/monitor'] var='PKGCONFIG' -> None
from /Users/ahume/Documents/UCSC/Thesis/inigo_ns3/ns-3-dev-git/src/config-store: Could not find the program ['pkg-config']
------------------------------------------------------------------
Checking for type uint128_t
==>
#include <stdint.h>

int main(int argc, char **argv) {
	(void)argc; (void)argv;
	if ((uint128_t *) 0) return 0;
	if (sizeof (uint128_t)) return 0;
	return 1;
}

<==
[1/2] Compiling [32mbuild/.conf_check_05a09a3ca3d3fb94e88721223e94c63e/test.cpp[0m

['/usr/bin/clang++', '-O0', '-ggdb', '-g3', '-Wall', '-Werror', '-DNS3_BUILD_PROFILE_DEBUG', '-DNS3_ASSERT_ENABLE', '-DNS3_LOG_ENABLE', '../test.cpp', '-c', '-o', '/Users/ahume/Documents/UCSC/Thesis/inigo_ns3/ns-3-dev-git/build/.conf_check_05a09a3ca3d3fb94e88721223e94c63e/testbuild/test.cpp.1.o']
err: ../test.cpp:5:7: error: use of undeclared identifier 'uint128_t'
        if ((uint128_t *) 0) return 0;
             ^
../test.cpp:5:18: error: expected expression
        if ((uint128_t *) 0) return 0;
                        ^
../test.cpp:6:14: error: use of undeclared identifier 'uint128_t'
        if (sizeof (uint128_t)) return 0;
                    ^
3 errors generated.

from /Users/ahume/Documents/UCSC/Thesis/inigo_ns3/ns-3-dev-git/src/core: Test does not build: Traceback (most recent call last):
  File "/Users/ahume/Documents/UCSC/Thesis/inigo_ns3/ns-3-dev-git/.waf-1.8.13-4da49748f68a49832130c7ef124357f6/waflib/Configure.py", line 339, in run_build
    bld.compile()
  File "/Users/ahume/Documents/UCSC/Thesis/inigo_ns3/ns-3-dev-git/.waf-1.8.13-4da49748f68a49832130c7ef124357f6/waflib/Build.py", line 182, in compile
    raise Errors.BuildError(self.producer.error)
BuildError: Build failed
 -> task in 'testprog' failed (exit status 1): 
	{task 4385105936: cxx test.cpp -> test.cpp.1.o}
['/usr/bin/clang++', '-O0', '-ggdb', '-g3', '-Wall', '-Werror', '-DNS3_BUILD_PROFILE_DEBUG', '-DNS3_ASSERT_ENABLE', '-DNS3_LOG_ENABLE', '../test.cpp', '-c', '-o', '/Users/ahume/Documents/UCSC/Thesis/inigo_ns3/ns-3-dev-git/build/.conf_check_05a09a3ca3d3fb94e88721223e94c63e/testbuild/test.cpp.1.o']

not found
from /Users/ahume/Documents/UCSC/Thesis/inigo_ns3/ns-3-dev-git/src/core: The configuration failed
------------------------------------------------------------------
Checking for type __uint128_t
==>
#include <stdint.h>

int main(int argc, char **argv) {
	(void)argc; (void)argv;
	if ((__uint128_t *) 0) return 0;
	if (sizeof (__uint128_t)) return 0;
	return 1;
}

<==
[1/2] Compiling [32mbuild/.conf_check_e0a6c3990c1a7c8593d0401514f9a087/test.cpp[0m

['/usr/bin/clang++', '-O0', '-ggdb', '-g3', '-Wall', '-Werror', '-DNS3_BUILD_PROFILE_DEBUG', '-DNS3_ASSERT_ENABLE', '-DNS3_LOG_ENABLE', '../test.cpp', '-c', '-o', '/Users/ahume/Documents/UCSC/Thesis/inigo_ns3/ns-3-dev-git/build/.conf_check_e0a6c3990c1a7c8593d0401514f9a087/testbuild/test.cpp.1.o']
[2/2] Linking [33mbuild/.conf_check_e0a6c3990c1a7c8593d0401514f9a087/testbuild/testprog[0m

['/usr/bin/clang++', 'test.cpp.1.o', '-o', '/Users/ahume/Documents/UCSC/Thesis/inigo_ns3/ns-3-dev-git/build/.conf_check_e0a6c3990c1a7c8593d0401514f9a087/testbuild/testprog']
yes
------------------------------------------------------------------
Checking high precision implementation
128-bit integer (default)
------------------------------------------------------------------
Checking for header stdint.h
==>
#include <stdint.h>

int main(int argc, char **argv) {
	(void)argc; (void)argv;
	return 0;
}

<==
[1/2] Compiling [32mbuild/.conf_check_f05e580aa5ddd31d4df63d9d07474621/test.cpp[0m

['/usr/bin/clang++', '-O0', '-ggdb', '-g3', '-Wall', '-Werror', '-DNS3_BUILD_PROFILE_DEBUG', '-DNS3_ASSERT_ENABLE', '-DNS3_LOG_ENABLE', '-DHAVE___UINT128_T=1', '-DINT64X64_USE_128=1', '../test.cpp', '-c', '-o', '/Users/ahume/Documents/UCSC/Thesis/inigo_ns3/ns-3-dev-git/build/.conf_check_f05e580aa5ddd31d4df63d9d07474621/testbuild/test.cpp.1.o']
[2/2] Linking [33mbuild/.conf_check_f05e580aa5ddd31d4df63d9d07474621/testbuild/testprog[0m

['/usr/bin/clang++', 'test.cpp.1.o', '-o', '/Users/ahume/Documents/UCSC/Thesis/inigo_ns3/ns-3-dev-git/build/.conf_check_f05e580aa5ddd31d4df63d9d07474621/testbuild/testprog']
yes
------------------------------------------------------------------
Checking for header inttypes.h
==>
#include <inttypes.h>

int main(int argc, char **argv) {
	(void)argc; (void)argv;
	return 0;
}

<==
[1/2] Compiling [32mbuild/.conf_check_43e4886641562cf964935d70a5444fd2/test.cpp[0m

['/usr/bin/clang++', '-O0', '-ggdb', '-g3', '-Wall', '-Werror', '-DNS3_BUILD_PROFILE_DEBUG', '-DNS3_ASSERT_ENABLE', '-DNS3_LOG_ENABLE', '-DHAVE___UINT128_T=1', '-DINT64X64_USE_128=1', '-DHAVE_STDINT_H=1', '../test.cpp', '-c', '-o', '/Users/ahume/Documents/UCSC/Thesis/inigo_ns3/ns-3-dev-git/build/.conf_check_43e4886641562cf964935d70a5444fd2/testbuild/test.cpp.1.o']
[2/2] Linking [33mbuild/.conf_check_43e4886641562cf964935d70a5444fd2/testbuild/testprog[0m

['/usr/bin/clang++', 'test.cpp.1.o', '-o', '/Users/ahume/Documents/UCSC/Thesis/inigo_ns3/ns-3-dev-git/build/.conf_check_43e4886641562cf964935d70a5444fd2/testbuild/testprog']
yes
------------------------------------------------------------------
Checking for header sys/inttypes.h
==>
#include <sys/inttypes.h>

int main(int argc, char **argv) {
	(void)argc; (void)argv;
	return 0;
}

<==
[1/2] Compiling [32mbuild/.conf_check_d1a2623de5054da775998504bfa4f9c6/test.cpp[0m

['/usr/bin/clang++', '-O0', '-ggdb', '-g3', '-Wall', '-Werror', '-DNS3_BUILD_PROFILE_DEBUG', '-DNS3_ASSERT_ENABLE', '-DNS3_LOG_ENABLE', '-DHAVE___UINT128_T=1', '-DINT64X64_USE_128=1', '-DHAVE_STDINT_H=1', '-DHAVE_INTTYPES_H=1', '../test.cpp', '-c', '-o', '/Users/ahume/Documents/UCSC/Thesis/inigo_ns3/ns-3-dev-git/build/.conf_check_d1a2623de5054da775998504bfa4f9c6/testbuild/test.cpp.1.o']
err: ../test.cpp:1:10: fatal error: 'sys/inttypes.h' file not found
#include <sys/inttypes.h>
         ^
1 error generated.

from /Users/ahume/Documents/UCSC/Thesis/inigo_ns3/ns-3-dev-git/src/core: Test does not build: Traceback (most recent call last):
  File "/Users/ahume/Documents/UCSC/Thesis/inigo_ns3/ns-3-dev-git/.waf-1.8.13-4da49748f68a49832130c7ef124357f6/waflib/Configure.py", line 339, in run_build
    bld.compile()
  File "/Users/ahume/Documents/UCSC/Thesis/inigo_ns3/ns-3-dev-git/.waf-1.8.13-4da49748f68a49832130c7ef124357f6/waflib/Build.py", line 182, in compile
    raise Errors.BuildError(self.producer.error)
BuildError: Build failed
 -> task in 'testprog' failed (exit status 1): 
	{task 4385106192: cxx test.cpp -> test.cpp.1.o}
['/usr/bin/clang++', '-O0', '-ggdb', '-g3', '-Wall', '-Werror', '-DNS3_BUILD_PROFILE_DEBUG', '-DNS3_ASSERT_ENABLE', '-DNS3_LOG_ENABLE', '-DHAVE___UINT128_T=1', '-DINT64X64_USE_128=1', '-DHAVE_STDINT_H=1', '-DHAVE_INTTYPES_H=1', '../test.cpp', '-c', '-o', '/Users/ahume/Documents/UCSC/Thesis/inigo_ns3/ns-3-dev-git/build/.conf_check_d1a2623de5054da775998504bfa4f9c6/testbuild/test.cpp.1.o']

not found
from /Users/ahume/Documents/UCSC/Thesis/inigo_ns3/ns-3-dev-git/src/core: The configuration failed
------------------------------------------------------------------
Checking for header sys/types.h
==>
#include <sys/types.h>

int main(int argc, char **argv) {
	(void)argc; (void)argv;
	return 0;
}

<==
[1/2] Compiling [32mbuild/.conf_check_9b19d55c7716723c99e73c89819ca7e6/test.cpp[0m

['/usr/bin/clang++', '-O0', '-ggdb', '-g3', '-Wall', '-Werror', '-DNS3_BUILD_PROFILE_DEBUG', '-DNS3_ASSERT_ENABLE', '-DNS3_LOG_ENABLE', '-DHAVE___UINT128_T=1', '-DINT64X64_USE_128=1', '-DHAVE_STDINT_H=1', '-DHAVE_INTTYPES_H=1', '../test.cpp', '-c', '-o', '/Users/ahume/Documents/UCSC/Thesis/inigo_ns3/ns-3-dev-git/build/.conf_check_9b19d55c7716723c99e73c89819ca7e6/testbuild/test.cpp.1.o']
[2/2] Linking [33mbuild/.conf_check_9b19d55c7716723c99e73c89819ca7e6/testbuild/testprog[0m

['/usr/bin/clang++', 'test.cpp.1.o', '-o', '/Users/ahume/Documents/UCSC/Thesis/inigo_ns3/ns-3-dev-git/build/.conf_check_9b19d55c7716723c99e73c89819ca7e6/testbuild/testprog']
yes
------------------------------------------------------------------
Checking for header sys/stat.h
==>
#include <sys/stat.h>

int main(int argc, char **argv) {
	(void)argc; (void)argv;
	return 0;
}

<==
[1/2] Compiling [32mbuild/.conf_check_e515ef77f70f1976518fce50288415b1/test.cpp[0m

['/usr/bin/clang++', '-O0', '-ggdb', '-g3', '-Wall', '-Werror', '-DNS3_BUILD_PROFILE_DEBUG', '-DNS3_ASSERT_ENABLE', '-DNS3_LOG_ENABLE', '-DHAVE___UINT128_T=1', '-DINT64X64_USE_128=1', '-DHAVE_STDINT_H=1', '-DHAVE_INTTYPES_H=1', '-DHAVE_SYS_TYPES_H=1', '../test.cpp', '-c', '-o', '/Users/ahume/Documents/UCSC/Thesis/inigo_ns3/ns-3-dev-git/build/.conf_check_e515ef77f70f1976518fce50288415b1/testbuild/test.cpp.1.o']
[2/2] Linking [33mbuild/.conf_check_e515ef77f70f1976518fce50288415b1/testbuild/testprog[0m

['/usr/bin/clang++', 'test.cpp.1.o', '-o', '/Users/ahume/Documents/UCSC/Thesis/inigo_ns3/ns-3-dev-git/build/.conf_check_e515ef77f70f1976518fce50288415b1/testbuild/testprog']
yes
------------------------------------------------------------------
Checking for header dirent.h
==>
#include <dirent.h>

int main(int argc, char **argv) {
	(void)argc; (void)argv;
	return 0;
}

<==
[1/2] Compiling [32mbuild/.conf_check_23698dbc7e5fa3849e8d5e83a20a6a90/test.cpp[0m

['/usr/bin/clang++', '-O0', '-ggdb', '-g3', '-Wall', '-Werror', '-DNS3_BUILD_PROFILE_DEBUG', '-DNS3_ASSERT_ENABLE', '-DNS3_LOG_ENABLE', '-DHAVE___UINT128_T=1', '-DINT64X64_USE_128=1', '-DHAVE_STDINT_H=1', '-DHAVE_INTTYPES_H=1', '-DHAVE_SYS_TYPES_H=1', '-DHAVE_SYS_STAT_H=1', '../test.cpp', '-c', '-o', '/Users/ahume/Documents/UCSC/Thesis/inigo_ns3/ns-3-dev-git/build/.conf_check_23698dbc7e5fa3849e8d5e83a20a6a90/testbuild/test.cpp.1.o']
[2/2] Linking [33mbuild/.conf_check_23698dbc7e5fa3849e8d5e83a20a6a90/testbuild/testprog[0m

['/usr/bin/clang++', 'test.cpp.1.o', '-o', '/Users/ahume/Documents/UCSC/Thesis/inigo_ns3/ns-3-dev-git/build/.conf_check_23698dbc7e5fa3849e8d5e83a20a6a90/testbuild/testprog']
yes
------------------------------------------------------------------
Checking for header stdlib.h
==>
#include <stdlib.h>

int main(int argc, char **argv) {
	(void)argc; (void)argv;
	return 0;
}

<==
[1/2] Compiling [32mbuild/.conf_check_a7eaf33de650f7e3f60ee9bbf7571c89/test.cpp[0m

['/usr/bin/clang++', '-O0', '-ggdb', '-g3', '-Wall', '-Werror', '-DNS3_BUILD_PROFILE_DEBUG', '-DNS3_ASSERT_ENABLE', '-DNS3_LOG_ENABLE', '-DHAVE___UINT128_T=1', '-DINT64X64_USE_128=1', '-DHAVE_STDINT_H=1', '-DHAVE_INTTYPES_H=1', '-DHAVE_SYS_TYPES_H=1', '-DHAVE_SYS_STAT_H=1', '-DHAVE_DIRENT_H=1', '../test.cpp', '-c', '-o', '/Users/ahume/Documents/UCSC/Thesis/inigo_ns3/ns-3-dev-git/build/.conf_check_a7eaf33de650f7e3f60ee9bbf7571c89/testbuild/test.cpp.1.o']
[2/2] Linking [33mbuild/.conf_check_a7eaf33de650f7e3f60ee9bbf7571c89/testbuild/testprog[0m

['/usr/bin/clang++', 'test.cpp.1.o', '-o', '/Users/ahume/Documents/UCSC/Thesis/inigo_ns3/ns-3-dev-git/build/.conf_check_a7eaf33de650f7e3f60ee9bbf7571c89/testbuild/testprog']
yes
------------------------------------------------------------------
Checking for header signal.h
==>
#include <signal.h>

int main(int argc, char **argv) {
	(void)argc; (void)argv;
	return 0;
}

<==
[1/2] Compiling [32mbuild/.conf_check_26ca4937925896d4d030030e52149ec7/test.cpp[0m

['/usr/bin/clang++', '-O0', '-ggdb', '-g3', '-Wall', '-Werror', '-DNS3_BUILD_PROFILE_DEBUG', '-DNS3_ASSERT_ENABLE', '-DNS3_LOG_ENABLE', '-DHAVE___UINT128_T=1', '-DINT64X64_USE_128=1', '-DHAVE_STDINT_H=1', '-DHAVE_INTTYPES_H=1', '-DHAVE_SYS_TYPES_H=1', '-DHAVE_SYS_STAT_H=1', '-DHAVE_DIRENT_H=1', '-DHAVE_STDLIB_H=1', '-DHAVE_GETENV=1', '../test.cpp', '-c', '-o', '/Users/ahume/Documents/UCSC/Thesis/inigo_ns3/ns-3-dev-git/build/.conf_check_26ca4937925896d4d030030e52149ec7/testbuild/test.cpp.1.o']
[2/2] Linking [33mbuild/.conf_check_26ca4937925896d4d030030e52149ec7/testbuild/testprog[0m

['/usr/bin/clang++', 'test.cpp.1.o', '-o', '/Users/ahume/Documents/UCSC/Thesis/inigo_ns3/ns-3-dev-git/build/.conf_check_26ca4937925896d4d030030e52149ec7/testbuild/testprog']
yes
------------------------------------------------------------------
Checking for header pthread.h
==>

#include <pthread.h>
int main ()
{
   pthread_mutex_t m;
   pthread_mutex_init (&m, NULL);
   return 0;
}

<==
[1/2] Compiling [32mbuild/.conf_check_5dd8a1b91f07ff78f6a8db719ced0ba7/test.cpp[0m

['/usr/bin/clang++', '-O0', '-ggdb', '-g3', '-Wall', '-Werror', '-DNS3_BUILD_PROFILE_DEBUG', '-DNS3_ASSERT_ENABLE', '-DNS3_LOG_ENABLE', '-DHAVE___UINT128_T=1', '-DINT64X64_USE_128=1', '-DHAVE_STDINT_H=1', '-DHAVE_INTTYPES_H=1', '-DHAVE_SYS_TYPES_H=1', '-DHAVE_SYS_STAT_H=1', '-DHAVE_DIRENT_H=1', '-DHAVE_STDLIB_H=1', '-DHAVE_GETENV=1', '-DHAVE_SIGNAL_H=1', '../test.cpp', '-c', '-o', '/Users/ahume/Documents/UCSC/Thesis/inigo_ns3/ns-3-dev-git/build/.conf_check_5dd8a1b91f07ff78f6a8db719ced0ba7/testbuild/test.cpp.1.o']
[2/2] Linking [33mbuild/.conf_check_5dd8a1b91f07ff78f6a8db719ced0ba7/testbuild/testprog[0m

['/usr/bin/clang++', 'test.cpp.1.o', '-o', '/Users/ahume/Documents/UCSC/Thesis/inigo_ns3/ns-3-dev-git/build/.conf_check_5dd8a1b91f07ff78f6a8db719ced0ba7/testbuild/testprog']
yes
------------------------------------------------------------------
Checking for header stdint.h
==>
#include <stdint.h>

int main(int argc, char **argv) {
	(void)argc; (void)argv;
	return 0;
}

<==
[1/2] Compiling [32mbuild/.conf_check_f05e580aa5ddd31d4df63d9d07474621/test.cpp[0m

['/usr/bin/clang++', '-O0', '-ggdb', '-g3', '-Wall', '-Werror', '-DNS3_BUILD_PROFILE_DEBUG', '-DNS3_ASSERT_ENABLE', '-DNS3_LOG_ENABLE', '-DHAVE___UINT128_T=1', '-DINT64X64_USE_128=1', '-DHAVE_INTTYPES_H=1', '-DHAVE_SYS_TYPES_H=1', '-DHAVE_SYS_STAT_H=1', '-DHAVE_DIRENT_H=1', '-DHAVE_STDLIB_H=1', '-DHAVE_GETENV=1', '-DHAVE_SIGNAL_H=1', '-DHAVE_PTHREAD_H=1', '../test.cpp', '-c', '-o', '/Users/ahume/Documents/UCSC/Thesis/inigo_ns3/ns-3-dev-git/build/.conf_check_f05e580aa5ddd31d4df63d9d07474621/testbuild/test.cpp.1.o']
[2/2] Linking [33mbuild/.conf_check_f05e580aa5ddd31d4df63d9d07474621/testbuild/testprog[0m

['/usr/bin/clang++', 'test.cpp.1.o', '-o', '/Users/ahume/Documents/UCSC/Thesis/inigo_ns3/ns-3-dev-git/build/.conf_check_f05e580aa5ddd31d4df63d9d07474621/testbuild/testprog']
yes
------------------------------------------------------------------
Checking for header inttypes.h
==>
#include <inttypes.h>

int main(int argc, char **argv) {
	(void)argc; (void)argv;
	return 0;
}

<==
[1/2] Compiling [32mbuild/.conf_check_43e4886641562cf964935d70a5444fd2/test.cpp[0m

['/usr/bin/clang++', '-O0', '-ggdb', '-g3', '-Wall', '-Werror', '-DNS3_BUILD_PROFILE_DEBUG', '-DNS3_ASSERT_ENABLE', '-DNS3_LOG_ENABLE', '-DHAVE___UINT128_T=1', '-DINT64X64_USE_128=1', '-DHAVE_SYS_TYPES_H=1', '-DHAVE_SYS_STAT_H=1', '-DHAVE_DIRENT_H=1', '-DHAVE_STDLIB_H=1', '-DHAVE_GETENV=1', '-DHAVE_SIGNAL_H=1', '-DHAVE_PTHREAD_H=1', '-DHAVE_STDINT_H=1', '../test.cpp', '-c', '-o', '/Users/ahume/Documents/UCSC/Thesis/inigo_ns3/ns-3-dev-git/build/.conf_check_43e4886641562cf964935d70a5444fd2/testbuild/test.cpp.1.o']
[2/2] Linking [33mbuild/.conf_check_43e4886641562cf964935d70a5444fd2/testbuild/testprog[0m

['/usr/bin/clang++', 'test.cpp.1.o', '-o', '/Users/ahume/Documents/UCSC/Thesis/inigo_ns3/ns-3-dev-git/build/.conf_check_43e4886641562cf964935d70a5444fd2/testbuild/testprog']
yes
------------------------------------------------------------------
Checking for header sys/inttypes.h
==>
#include <sys/inttypes.h>

int main(int argc, char **argv) {
	(void)argc; (void)argv;
	return 0;
}

<==
[1/2] Compiling [32mbuild/.conf_check_d1a2623de5054da775998504bfa4f9c6/test.cpp[0m

['/usr/bin/clang++', '-O0', '-ggdb', '-g3', '-Wall', '-Werror', '-DNS3_BUILD_PROFILE_DEBUG', '-DNS3_ASSERT_ENABLE', '-DNS3_LOG_ENABLE', '-DHAVE___UINT128_T=1', '-DINT64X64_USE_128=1', '-DHAVE_SYS_TYPES_H=1', '-DHAVE_SYS_STAT_H=1', '-DHAVE_DIRENT_H=1', '-DHAVE_STDLIB_H=1', '-DHAVE_GETENV=1', '-DHAVE_SIGNAL_H=1', '-DHAVE_PTHREAD_H=1', '-DHAVE_STDINT_H=1', '-DHAVE_INTTYPES_H=1', '../test.cpp', '-c', '-o', '/Users/ahume/Documents/UCSC/Thesis/inigo_ns3/ns-3-dev-git/build/.conf_check_d1a2623de5054da775998504bfa4f9c6/testbuild/test.cpp.1.o']
err: ../test.cpp:1:10: fatal error: 'sys/inttypes.h' file not found
#include <sys/inttypes.h>
         ^
1 error generated.

from /Users/ahume/Documents/UCSC/Thesis/inigo_ns3/ns-3-dev-git/src/core: Test does not build: Traceback (most recent call last):
  File "/Users/ahume/Documents/UCSC/Thesis/inigo_ns3/ns-3-dev-git/.waf-1.8.13-4da49748f68a49832130c7ef124357f6/waflib/Configure.py", line 339, in run_build
    bld.compile()
  File "/Users/ahume/Documents/UCSC/Thesis/inigo_ns3/ns-3-dev-git/.waf-1.8.13-4da49748f68a49832130c7ef124357f6/waflib/Build.py", line 182, in compile
    raise Errors.BuildError(self.producer.error)
BuildError: Build failed
 -> task in 'testprog' failed (exit status 1): 
	{task 4385229904: cxx test.cpp -> test.cpp.1.o}
['/usr/bin/clang++', '-O0', '-ggdb', '-g3', '-Wall', '-Werror', '-DNS3_BUILD_PROFILE_DEBUG', '-DNS3_ASSERT_ENABLE', '-DNS3_LOG_ENABLE', '-DHAVE___UINT128_T=1', '-DINT64X64_USE_128=1', '-DHAVE_SYS_TYPES_H=1', '-DHAVE_SYS_STAT_H=1', '-DHAVE_DIRENT_H=1', '-DHAVE_STDLIB_H=1', '-DHAVE_GETENV=1', '-DHAVE_SIGNAL_H=1', '-DHAVE_PTHREAD_H=1', '-DHAVE_STDINT_H=1', '-DHAVE_INTTYPES_H=1', '../test.cpp', '-c', '-o', '/Users/ahume/Documents/UCSC/Thesis/inigo_ns3/ns-3-dev-git/build/.conf_check_d1a2623de5054da775998504bfa4f9c6/testbuild/test.cpp.1.o']

not found
from /Users/ahume/Documents/UCSC/Thesis/inigo_ns3/ns-3-dev-git/src/core: The configuration failed
------------------------------------------------------------------
Checking for library rt
==>

int main(int argc, char **argv) {
	(void)argc; (void)argv;
	return 0;
}

<==
[1/2] Compiling [32mbuild/.conf_check_6b918d949721d803b3efb3da0cc3ea87/test.cpp[0m

['/usr/bin/clang++', '-O0', '-ggdb', '-g3', '-Wall', '-Werror', '-DNS3_BUILD_PROFILE_DEBUG', '-DNS3_ASSERT_ENABLE', '-DNS3_LOG_ENABLE', '-DHAVE___UINT128_T=1', '-DINT64X64_USE_128=1', '-DHAVE_SYS_TYPES_H=1', '-DHAVE_SYS_STAT_H=1', '-DHAVE_DIRENT_H=1', '-DHAVE_STDLIB_H=1', '-DHAVE_GETENV=1', '-DHAVE_SIGNAL_H=1', '-DHAVE_PTHREAD_H=1', '-DHAVE_STDINT_H=1', '-DHAVE_INTTYPES_H=1', '../test.cpp', '-c', '-o', '/Users/ahume/Documents/UCSC/Thesis/inigo_ns3/ns-3-dev-git/build/.conf_check_6b918d949721d803b3efb3da0cc3ea87/testbuild/test.cpp.1.o']
[2/2] Linking [33mbuild/.conf_check_6b918d949721d803b3efb3da0cc3ea87/testbuild/testprog[0m

['/usr/bin/clang++', 'test.cpp.1.o', '-o', '/Users/ahume/Documents/UCSC/Thesis/inigo_ns3/ns-3-dev-git/build/.conf_check_6b918d949721d803b3efb3da0cc3ea87/testbuild/testprog', '-lrt']
err: ld: library not found for -lrt
clang: error: linker command failed with exit code 1 (use -v to see invocation)

from /Users/ahume/Documents/UCSC/Thesis/inigo_ns3/ns-3-dev-git/src/core: Test does not build: Traceback (most recent call last):
  File "/Users/ahume/Documents/UCSC/Thesis/inigo_ns3/ns-3-dev-git/.waf-1.8.13-4da49748f68a49832130c7ef124357f6/waflib/Configure.py", line 339, in run_build
    bld.compile()
  File "/Users/ahume/Documents/UCSC/Thesis/inigo_ns3/ns-3-dev-git/.waf-1.8.13-4da49748f68a49832130c7ef124357f6/waflib/Build.py", line 182, in compile
    raise Errors.BuildError(self.producer.error)
BuildError: Build failed
 -> task in 'testprog' failed (exit status 1): 
	{task 4382737104: cxxprogram test.cpp.1.o -> testprog}
['/usr/bin/clang++', 'test.cpp.1.o', '-o', '/Users/ahume/Documents/UCSC/Thesis/inigo_ns3/ns-3-dev-git/build/.conf_check_6b918d949721d803b3efb3da0cc3ea87/testbuild/testprog', '-lrt']

not found
from /Users/ahume/Documents/UCSC/Thesis/inigo_ns3/ns-3-dev-git/src/core: The configuration failed
------------------------------------------------------------------
Checking for header sys/ioctl.h
==>
#include <sys/ioctl.h>

int main(int argc, char **argv) {
	(void)argc; (void)argv;
	return 0;
}

<==
[1/2] Compiling [32mbuild/.conf_check_f1867a8a34ce08850ef4f2494d2bcebd/test.cpp[0m

['/usr/bin/clang++', '-O0', '-ggdb', '-g3', '-Wall', '-Werror', '-DNS3_BUILD_PROFILE_DEBUG', '-DNS3_ASSERT_ENABLE', '-DNS3_LOG_ENABLE', '../test.cpp', '-c', '-o', '/Users/ahume/Documents/UCSC/Thesis/inigo_ns3/ns-3-dev-git/build/.conf_check_f1867a8a34ce08850ef4f2494d2bcebd/testbuild/test.cpp.1.o']
[2/2] Linking [33mbuild/.conf_check_f1867a8a34ce08850ef4f2494d2bcebd/testbuild/testprog[0m

['/usr/bin/clang++', 'test.cpp.1.o', '-o', '/Users/ahume/Documents/UCSC/Thesis/inigo_ns3/ns-3-dev-git/build/.conf_check_f1867a8a34ce08850ef4f2494d2bcebd/testbuild/testprog']
yes
------------------------------------------------------------------
Checking for header net/if.h
==>
#include <net/if.h>

int main(int argc, char **argv) {
	(void)argc; (void)argv;
	return 0;
}

<==
[1/2] Compiling [32mbuild/.conf_check_bd88a27288d45b10eebdbd0a3cf6a70a/test.cpp[0m

['/usr/bin/clang++', '-O0', '-ggdb', '-g3', '-Wall', '-Werror', '-DNS3_BUILD_PROFILE_DEBUG', '-DNS3_ASSERT_ENABLE', '-DNS3_LOG_ENABLE', '-DHAVE_SYS_IOCTL_H=1', '../test.cpp', '-c', '-o', '/Users/ahume/Documents/UCSC/Thesis/inigo_ns3/ns-3-dev-git/build/.conf_check_bd88a27288d45b10eebdbd0a3cf6a70a/testbuild/test.cpp.1.o']
[2/2] Linking [33mbuild/.conf_check_bd88a27288d45b10eebdbd0a3cf6a70a/testbuild/testprog[0m

['/usr/bin/clang++', 'test.cpp.1.o', '-o', '/Users/ahume/Documents/UCSC/Thesis/inigo_ns3/ns-3-dev-git/build/.conf_check_bd88a27288d45b10eebdbd0a3cf6a70a/testbuild/testprog']
yes
------------------------------------------------------------------
Checking for header net/ethernet.h
==>
#include <net/ethernet.h>

int main(int argc, char **argv) {
	(void)argc; (void)argv;
	return 0;
}

<==
[1/2] Compiling [32mbuild/.conf_check_a52ae5ede0140a0205d2954834483898/test.cpp[0m

['/usr/bin/clang++', '-O0', '-ggdb', '-g3', '-Wall', '-Werror', '-DNS3_BUILD_PROFILE_DEBUG', '-DNS3_ASSERT_ENABLE', '-DNS3_LOG_ENABLE', '-DHAVE_SYS_IOCTL_H=1', '-DHAVE_IF_NETS_H=1', '../test.cpp', '-c', '-o', '/Users/ahume/Documents/UCSC/Thesis/inigo_ns3/ns-3-dev-git/build/.conf_check_a52ae5ede0140a0205d2954834483898/testbuild/test.cpp.1.o']
[2/2] Linking [33mbuild/.conf_check_a52ae5ede0140a0205d2954834483898/testbuild/testprog[0m

['/usr/bin/clang++', 'test.cpp.1.o', '-o', '/Users/ahume/Documents/UCSC/Thesis/inigo_ns3/ns-3-dev-git/build/.conf_check_a52ae5ede0140a0205d2954834483898/testbuild/testprog']
yes
------------------------------------------------------------------
Checking for header linux/if_tun.h
==>
#include <linux/if_tun.h>

int main(int argc, char **argv) {
	(void)argc; (void)argv;
	return 0;
}

<==
[1/2] Compiling [32mbuild/.conf_check_57430f47cae2940387e46c3d9d6904cd/test.cpp[0m

['/usr/bin/clang++', '-O0', '-ggdb', '-g3', '-Wall', '-Werror', '-DNS3_BUILD_PROFILE_DEBUG', '-DNS3_ASSERT_ENABLE', '-DNS3_LOG_ENABLE', '-DHAVE_SYS_IOCTL_H=1', '-DHAVE_IF_NETS_H=1', '-DHAVE_NET_ETHERNET_H=1', '../test.cpp', '-c', '-o', '/Users/ahume/Documents/UCSC/Thesis/inigo_ns3/ns-3-dev-git/build/.conf_check_57430f47cae2940387e46c3d9d6904cd/testbuild/test.cpp.1.o']
err: ../test.cpp:1:10: fatal error: 'linux/if_tun.h' file not found
#include <linux/if_tun.h>
         ^
1 error generated.

from /Users/ahume/Documents/UCSC/Thesis/inigo_ns3/ns-3-dev-git/src/fd-net-device: Test does not build: Traceback (most recent call last):
  File "/Users/ahume/Documents/UCSC/Thesis/inigo_ns3/ns-3-dev-git/.waf-1.8.13-4da49748f68a49832130c7ef124357f6/waflib/Configure.py", line 339, in run_build
    bld.compile()
  File "/Users/ahume/Documents/UCSC/Thesis/inigo_ns3/ns-3-dev-git/.waf-1.8.13-4da49748f68a49832130c7ef124357f6/waflib/Build.py", line 182, in compile
    raise Errors.BuildError(self.producer.error)
BuildError: Build failed
 -> task in 'testprog' failed (exit status 1): 
	{task 4385202768: cxx test.cpp -> test.cpp.1.o}
['/usr/bin/clang++', '-O0', '-ggdb', '-g3', '-Wall', '-Werror', '-DNS3_BUILD_PROFILE_DEBUG', '-DNS3_ASSERT_ENABLE', '-DNS3_LOG_ENABLE', '-DHAVE_SYS_IOCTL_H=1', '-DHAVE_IF_NETS_H=1', '-DHAVE_NET_ETHERNET_H=1', '../test.cpp', '-c', '-o', '/Users/ahume/Documents/UCSC/Thesis/inigo_ns3/ns-3-dev-git/build/.conf_check_57430f47cae2940387e46c3d9d6904cd/testbuild/test.cpp.1.o']

not found
from /Users/ahume/Documents/UCSC/Thesis/inigo_ns3/ns-3-dev-git/src/fd-net-device: The configuration failed
------------------------------------------------------------------
Checking for header netpacket/packet.h
==>
#include <netpacket/packet.h>

int main(int argc, char **argv) {
	(void)argc; (void)argv;
	return 0;
}

<==
[1/2] Compiling [32mbuild/.conf_check_2f174ca110545bbed7d0bc4120871101/test.cpp[0m

['/usr/bin/clang++', '-O0', '-ggdb', '-g3', '-Wall', '-Werror', '-DNS3_BUILD_PROFILE_DEBUG', '-DNS3_ASSERT_ENABLE', '-DNS3_LOG_ENABLE', '-DHAVE_SYS_IOCTL_H=1', '-DHAVE_IF_NETS_H=1', '-DHAVE_NET_ETHERNET_H=1', '../test.cpp', '-c', '-o', '/Users/ahume/Documents/UCSC/Thesis/inigo_ns3/ns-3-dev-git/build/.conf_check_2f174ca110545bbed7d0bc4120871101/testbuild/test.cpp.1.o']
err: ../test.cpp:1:10: fatal error: 'netpacket/packet.h' file not found
#include <netpacket/packet.h>
         ^
1 error generated.

from /Users/ahume/Documents/UCSC/Thesis/inigo_ns3/ns-3-dev-git/src/fd-net-device: Test does not build: Traceback (most recent call last):
  File "/Users/ahume/Documents/UCSC/Thesis/inigo_ns3/ns-3-dev-git/.waf-1.8.13-4da49748f68a49832130c7ef124357f6/waflib/Configure.py", line 339, in run_build
    bld.compile()
  File "/Users/ahume/Documents/UCSC/Thesis/inigo_ns3/ns-3-dev-git/.waf-1.8.13-4da49748f68a49832130c7ef124357f6/waflib/Build.py", line 182, in compile
    raise Errors.BuildError(self.producer.error)
BuildError: Build failed
 -> task in 'testprog' failed (exit status 1): 
	{task 4385204496: cxx test.cpp -> test.cpp.1.o}
['/usr/bin/clang++', '-O0', '-ggdb', '-g3', '-Wall', '-Werror', '-DNS3_BUILD_PROFILE_DEBUG', '-DNS3_ASSERT_ENABLE', '-DNS3_LOG_ENABLE', '-DHAVE_SYS_IOCTL_H=1', '-DHAVE_IF_NETS_H=1', '-DHAVE_NET_ETHERNET_H=1', '../test.cpp', '-c', '-o', '/Users/ahume/Documents/UCSC/Thesis/inigo_ns3/ns-3-dev-git/build/.conf_check_2f174ca110545bbed7d0bc4120871101/testbuild/test.cpp.1.o']

not found
from /Users/ahume/Documents/UCSC/Thesis/inigo_ns3/ns-3-dev-git/src/fd-net-device: The configuration failed
------------------------------------------------------------------
Checking for NSC location
not found
------------------------------------------------------------------
Checking for program 'pkg-config'
not found
find program=['pkg-config'] paths=['/Users/ahume/.cabal/bin', '/Applications/ghc-7.8.3.app/Contents/bin', '/usr/bin', '/bin', '/usr/sbin', '/sbin', '/usr/local/bin', '/opt/X11/bin', '/usr/local/git/bin', '/usr/texbin', '/Users/ahume/Documents/UCSC/Winter15/Havoc/repos/hotcloud/monitor'] var='PKGCONFIG' -> None
from /Users/ahume/Documents/UCSC/Thesis/inigo_ns3/ns-3-dev-git/src/stats: Could not find the program ['pkg-config']
------------------------------------------------------------------
Checking for header linux/if_tun.h
==>
#include <linux/if_tun.h>

int main(int argc, char **argv) {
	(void)argc; (void)argv;
	return 0;
}

<==
[1/2] Compiling [32mbuild/.conf_check_57430f47cae2940387e46c3d9d6904cd/test.cpp[0m

['/usr/bin/clang++', '-O0', '-ggdb', '-g3', '-Wall', '-Werror', '-DNS3_BUILD_PROFILE_DEBUG', '-DNS3_ASSERT_ENABLE', '-DNS3_LOG_ENABLE', '-DHAVE_SYS_IOCTL_H=1', '-DHAVE_IF_NETS_H=1', '-DHAVE_NET_ETHERNET_H=1', '../test.cpp', '-c', '-o', '/Users/ahume/Documents/UCSC/Thesis/inigo_ns3/ns-3-dev-git/build/.conf_check_57430f47cae2940387e46c3d9d6904cd/testbuild/test.cpp.1.o']
err: ../test.cpp:1:10: fatal error: 'linux/if_tun.h' file not found
#include <linux/if_tun.h>
         ^
1 error generated.

from /Users/ahume/Documents/UCSC/Thesis/inigo_ns3/ns-3-dev-git/src/tap-bridge: Test does not build: Traceback (most recent call last):
  File "/Users/ahume/Documents/UCSC/Thesis/inigo_ns3/ns-3-dev-git/.waf-1.8.13-4da49748f68a49832130c7ef124357f6/waflib/Configure.py", line 339, in run_build
    bld.compile()
  File "/Users/ahume/Documents/UCSC/Thesis/inigo_ns3/ns-3-dev-git/.waf-1.8.13-4da49748f68a49832130c7ef124357f6/waflib/Build.py", line 182, in compile
    raise Errors.BuildError(self.producer.error)
BuildError: Build failed
 -> task in 'testprog' failed (exit status 1): 
	{task 4382739152: cxx test.cpp -> test.cpp.1.o}
['/usr/bin/clang++', '-O0', '-ggdb', '-g3', '-Wall', '-Werror', '-DNS3_BUILD_PROFILE_DEBUG', '-DNS3_ASSERT_ENABLE', '-DNS3_LOG_ENABLE', '-DHAVE_SYS_IOCTL_H=1', '-DHAVE_IF_NETS_H=1', '-DHAVE_NET_ETHERNET_H=1', '../test.cpp', '-c', '-o', '/Users/ahume/Documents/UCSC/Thesis/inigo_ns3/ns-3-dev-git/build/.conf_check_57430f47cae2940387e46c3d9d6904cd/testbuild/test.cpp.1.o']

not found
from /Users/ahume/Documents/UCSC/Thesis/inigo_ns3/ns-3-dev-git/src/tap-bridge: The configuration failed
------------------------------------------------------------------
Checking for program 'sudo'
/usr/bin/sudo
find program=['sudo'] paths=['/Users/ahume/.cabal/bin', '/Applications/ghc-7.8.3.app/Contents/bin', '/usr/bin', '/bin', '/usr/sbin', '/sbin', '/usr/local/bin', '/opt/X11/bin', '/usr/local/git/bin', '/usr/texbin', '/Users/ahume/Documents/UCSC/Winter15/Havoc/repos/hotcloud/monitor'] var='SUDO' -> ['/usr/bin/sudo']
------------------------------------------------------------------
Checking for program 'valgrind'
not found
find program=['valgrind'] paths=['/Users/ahume/.cabal/bin', '/Applications/ghc-7.8.3.app/Contents/bin', '/usr/bin', '/bin', '/usr/sbin', '/sbin', '/usr/local/bin', '/opt/X11/bin', '/usr/local/git/bin', '/usr/texbin', '/Users/ahume/Documents/UCSC/Winter15/Havoc/repos/hotcloud/monitor'] var='VALGRIND' -> None
from /Users/ahume/Documents/UCSC/Thesis/inigo_ns3/ns-3-dev-git: Could not find the program ['valgrind']
------------------------------------------------------------------
Checking for program 'pkg-config'
not found
find program=['pkg-config'] paths=['/Users/ahume/.cabal/bin', '/Applications/ghc-7.8.3.app/Contents/bin', '/usr/bin', '/bin', '/usr/sbin', '/sbin', '/usr/local/bin', '/opt/X11/bin', '/usr/local/git/bin', '/usr/texbin', '/Users/ahume/Documents/UCSC/Winter15/Havoc/repos/hotcloud/monitor'] var='PKGCONFIG' -> None
from /Users/ahume/Documents/UCSC/Thesis/inigo_ns3/ns-3-dev-git: Could not find the program ['pkg-config']
------------------------------------------------------------------
Checking for program 'doxygen'
not found
find program=['doxygen'] paths=['/Users/ahume/.cabal/bin', '/Applications/ghc-7.8.3.app/Contents/bin', '/usr/bin', '/bin', '/usr/sbin', '/sbin', '/usr/local/bin', '/opt/X11/bin', '/usr/local/git/bin', '/usr/texbin', '/Users/ahume/Documents/UCSC/Winter15/Havoc/repos/hotcloud/monitor'] var='DOXYGEN' -> None
from /Users/ahume/Documents/UCSC/Thesis/inigo_ns3/ns-3-dev-git: Could not find the program ['doxygen']
