# project ns (3.24.1) configured on Thu Oct  8 11:24:34 2015 by
# waf 1.8.12 (abi 98, python 20705f0 on darwin)
# using ./waf --build-profile=debug --enable-examples --enable-tests configure
#
----------------------------------------
Setting top to
/Users/ahume/Documents/UCSC/Thesis/ns-allinone-3.24.1/ns-3.24.1
----------------------------------------
Setting out to
/Users/ahume/Documents/UCSC/Thesis/ns-allinone-3.24.1/ns-3.24.1/build
----------------------------------------
Checking for 'clang' (C compiler)
find program=['clang'] paths=['/Users/ahume/.cabal/bin', '/Applications/ghc-7.8.3.app/Contents/bin', '/usr/bin', '/bin', '/usr/sbin', '/sbin', '/usr/local/bin', '/opt/X11/bin', '/usr/local/git/bin', '/usr/texbin', '/Users/ahume/Documents/UCSC/Winter15/Havoc/repos/hotcloud/monitor'] var='CC' -> ['/usr/bin/clang']
find program=['ar'] paths=['/Users/ahume/.cabal/bin', '/Applications/ghc-7.8.3.app/Contents/bin', '/usr/bin', '/bin', '/usr/sbin', '/sbin', '/usr/local/bin', '/opt/X11/bin', '/usr/local/git/bin', '/usr/texbin', '/Users/ahume/Documents/UCSC/Winter15/Havoc/repos/hotcloud/monitor'] var='AR' -> ['/usr/bin/ar']
/usr/bin/clang
----------------------------------------
Checking for cc version
6.0.0
----------------------------------------
Checking for 'clang++' (C++ compiler)
find program=['clang++'] paths=['/Users/ahume/.cabal/bin', '/Applications/ghc-7.8.3.app/Contents/bin', '/usr/bin', '/bin', '/usr/sbin', '/sbin', '/usr/local/bin', '/opt/X11/bin', '/usr/local/git/bin', '/usr/texbin', '/Users/ahume/Documents/UCSC/Winter15/Havoc/repos/hotcloud/monitor'] var='CXX' -> ['/usr/bin/clang++']
(tool ar is already loaded, skipping)
/usr/bin/clang++
----------------------------------------
Checking for program 'python'
/usr/bin/python
find program=['python'] paths=['/Users/ahume/.cabal/bin', '/Applications/ghc-7.8.3.app/Contents/bin', '/usr/bin', '/bin', '/usr/sbin', '/sbin', '/usr/local/bin', '/opt/X11/bin', '/usr/local/git/bin', '/usr/texbin', '/Users/ahume/Documents/UCSC/Winter15/Havoc/repos/hotcloud/monitor'] var='PYTHON' -> ['/usr/bin/python']
['/usr/bin/python', '-c', 'import imp;print(imp.get_tag())']
err: Traceback (most recent call last):
  File "<string>", line 1, in <module>
AttributeError: 'module' object has no attribute 'get_tag'

['/usr/bin/python', '-c', 'import sys\nfor x in sys.version_info: print(str(x))']
out: 2
7
5
final
0

['/usr/bin/python', '-c', "from distutils.sysconfig import get_config_var, get_python_lib\n\nprint(repr(get_python_lib(standard_lib=0, prefix='/usr/local') or ''))"]
out: '/usr/local/lib/python2.7/site-packages'

'/usr/local/lib/python2.7/site-packages'

['/usr/bin/python', '-c', "from distutils.sysconfig import get_config_var, get_python_lib\n\nprint(repr(get_python_lib(plat_specific=1, standard_lib=0, prefix='/usr/local') or ''))"]
out: '/usr/local/lib/python2.7/site-packages'

'/usr/local/lib/python2.7/site-packages'

----------------------------------------
Checking for python version
(2, 7, 5, 'final', 0)
['/usr/bin/python', '-c', "from distutils.sysconfig import get_config_var, get_python_lib\n\nprint(repr(get_config_var('prefix') or ''))\nprint(repr(get_config_var('SO') or ''))\nprint(repr(get_config_var('LDFLAGS') or ''))\nprint(repr(get_config_var('LIBDIR') or ''))\nprint(repr(get_config_var('LIBPL') or ''))\nprint(repr(get_config_var('INCLUDEPY') or ''))\nprint(repr(get_config_var('Py_ENABLE_SHARED') or ''))\nprint(repr(get_config_var('MACOSX_DEPLOYMENT_TARGET') or ''))\nprint(repr(get_config_var('LDSHARED') or ''))\nprint(repr(get_config_var('CFLAGS') or ''))\nprint(repr(get_config_var('LDVERSION') or ''))"]
out: '/System/Library/Frameworks/Python.framework/Versions/2.7'
'.so'
'-arch x86_64 -arch i386            -Wl,-F.'
'/System/Library/Frameworks/Python.framework/Versions/2.7/lib'
'/System/Library/Frameworks/Python.framework/Versions/2.7/lib/python2.7/config'
'/System/Library/Frameworks/Python.framework/Versions/2.7/include/python2.7'
''
'10.9'
'cc -bundle -undefined dynamic_lookup -arch x86_64 -arch i386            -Wl,-F.'
'-fno-strict-aliasing -fno-common -dynamic -arch x86_64 -arch i386 -g -Os -pipe -fno-common -fno-strict-aliasing -fwrapv -DENABLE_DTRACE -DMACOSX -DNDEBUG -Wall -Wstrict-prototypes -Wshorten-64-to-32 -DNDEBUG -g -fwrapv -Os -Wall -Wstrict-prototypes -DENABLE_DTRACE'
''

'/System/Library/Frameworks/Python.framework/Versions/2.7'
'.so'
'-arch x86_64 -arch i386            -Wl,-F.'
'/System/Library/Frameworks/Python.framework/Versions/2.7/lib'
'/System/Library/Frameworks/Python.framework/Versions/2.7/lib/python2.7/config'
'/System/Library/Frameworks/Python.framework/Versions/2.7/include/python2.7'
''
'10.9'
'cc -bundle -undefined dynamic_lookup -arch x86_64 -arch i386            -Wl,-F.'
'-fno-strict-aliasing -fno-common -dynamic -arch x86_64 -arch i386 -g -Os -pipe -fno-common -fno-strict-aliasing -fwrapv -DENABLE_DTRACE -DMACOSX -DNDEBUG -Wall -Wstrict-prototypes -Wshorten-64-to-32 -DNDEBUG -g -fwrapv -Os -Wall -Wstrict-prototypes -DENABLE_DTRACE'
''

Configuration returned from ['/usr/bin/python']:
prefix = '/System/Library/Frameworks/Python.framework/Versions/2.7'
SO = '.so'
LDFLAGS = '-arch x86_64 -arch i386            -Wl,-F.'
LIBDIR = '/System/Library/Frameworks/Python.framework/Versions/2.7/lib'
LIBPL = '/System/Library/Frameworks/Python.framework/Versions/2.7/lib/python2.7/config'
INCLUDEPY = '/System/Library/Frameworks/Python.framework/Versions/2.7/include/python2.7'
Py_ENABLE_SHARED = ''
MACOSX_DEPLOYMENT_TARGET = '10.9'
LDSHARED = 'cc -bundle -undefined dynamic_lookup -arch x86_64 -arch i386            -Wl,-F.'
CFLAGS = '-fno-strict-aliasing -fno-common -dynamic -arch x86_64 -arch i386 -g -Os -pipe -fno-common -fno-strict-aliasing -fwrapv -DENABLE_DTRACE -DMACOSX -DNDEBUG -Wall -Wstrict-prototypes -Wshorten-64-to-32 -DNDEBUG -g -fwrapv -Os -Wall -Wstrict-prototypes -DENABLE_DTRACE'
LDVERSION = ''

----------------------------------------
python-config
/usr/bin/python-config
find program=['/usr/bin/python-config', 'python2.7-config', 'python-config-2.7', 'python2.7m-config'] paths=['/Users/ahume/.cabal/bin', '/Applications/ghc-7.8.3.app/Contents/bin', '/usr/bin', '/bin', '/usr/sbin', '/sbin', '/usr/local/bin', '/opt/X11/bin', '/usr/local/git/bin', '/usr/texbin', '/Users/ahume/Documents/UCSC/Winter15/Havoc/repos/hotcloud/monitor'] var='PYTHON_CONFIG' -> ['/usr/bin/python-config']
------------------------------------------------------------------
Asking python-config for pyembed '--cflags --libs --ldflags' flags
['/usr/bin/python-config', '--cflags', '--libs', '--ldflags']
out: -I/System/Library/Frameworks/Python.framework/Versions/2.7/include/python2.7 -I/System/Library/Frameworks/Python.framework/Versions/2.7/include/python2.7 -fno-strict-aliasing -fno-common -dynamic -arch x86_64 -arch i386 -g -Os -pipe -fno-common -fno-strict-aliasing -fwrapv -DENABLE_DTRACE -DMACOSX -DNDEBUG -Wall -Wstrict-prototypes -Wshorten-64-to-32 -DNDEBUG -g -fwrapv -Os -Wall -Wstrict-prototypes -DENABLE_DTRACE
-ldl -framework CoreFoundation -lpython2.7
-L/System/Library/Frameworks/Python.framework/Versions/2.7/lib/python2.7/config -ldl -framework CoreFoundation -lpython2.7

yes
------------------------------------------------------------------
Getting pyembed flags from python-config
==>

#include <Python.h>
#ifdef __cplusplus
extern "C" {
#endif
	void Py_Initialize(void);
	void Py_Finalize(void);
#ifdef __cplusplus
}
#endif
int main(int argc, char **argv)
{
   (void)argc; (void)argv;
   Py_Initialize();
   Py_Finalize();
   return 0;
}

<==
[1/2] Compiling [32mbuild/.conf_check_bc0ed881c2477b4cf54b35eb89fcedad/test.cpp[0m

['/usr/bin/clang++', '-O0', '-ggdb', '-g3', '-Wall', '-Werror', '-fno-strict-aliasing', '-fno-common', '-dynamic', '-arch', 'x86_64', '-arch', 'i386', '-fno-common', '-fno-strict-aliasing', '-fwrapv', '-fwrapv', '-I/System/Library/Frameworks/Python.framework/Versions/2.7/include/python2.7', '-DNS3_BUILD_PROFILE_DEBUG', '-DNS3_ASSERT_ENABLE', '-DNS3_LOG_ENABLE', '-DPYTHONDIR="/usr/local/lib/python2.7/site-packages"', '-DPYTHONARCHDIR="/usr/local/lib/python2.7/site-packages"', '-DHAVE_PYEMBED=1', '-DENABLE_DTRACE', '-DMACOSX', '-DNDEBUG', '-DNDEBUG', '-DENABLE_DTRACE', '../test.cpp', '-c', '-o', '/Users/ahume/Documents/UCSC/Thesis/ns-allinone-3.24.1/ns-3.24.1/build/.conf_check_bc0ed881c2477b4cf54b35eb89fcedad/testbuild/test.cpp.1.o']
[2/2] Linking [33mbuild/.conf_check_bc0ed881c2477b4cf54b35eb89fcedad/testbuild/testprog[0m

['/usr/bin/clang++', '-arch', 'x86_64', '-arch', 'i386', 'test.cpp.1.o', '-o', '/Users/ahume/Documents/UCSC/Thesis/ns-allinone-3.24.1/ns-3.24.1/build/.conf_check_bc0ed881c2477b4cf54b35eb89fcedad/testbuild/testprog', '-framework', 'CoreFoundation', '-L/System/Library/Frameworks/Python.framework/Versions/2.7/lib/python2.7/config', '-ldl', '-lpython2.7']
yes
------------------------------------------------------------------
Asking python-config for pyext '--cflags --libs --ldflags' flags
['/usr/bin/python-config', '--cflags', '--libs', '--ldflags']
out: -I/System/Library/Frameworks/Python.framework/Versions/2.7/include/python2.7 -I/System/Library/Frameworks/Python.framework/Versions/2.7/include/python2.7 -fno-strict-aliasing -fno-common -dynamic -arch x86_64 -arch i386 -g -Os -pipe -fno-common -fno-strict-aliasing -fwrapv -DENABLE_DTRACE -DMACOSX -DNDEBUG -Wall -Wstrict-prototypes -Wshorten-64-to-32 -DNDEBUG -g -fwrapv -Os -Wall -Wstrict-prototypes -DENABLE_DTRACE
-ldl -framework CoreFoundation -lpython2.7
-L/System/Library/Frameworks/Python.framework/Versions/2.7/lib/python2.7/config -ldl -framework CoreFoundation -lpython2.7

yes
------------------------------------------------------------------
Getting pyext flags from python-config
==>

#include <Python.h>
#ifdef __cplusplus
extern "C" {
#endif
	void Py_Initialize(void);
	void Py_Finalize(void);
#ifdef __cplusplus
}
#endif
int main(int argc, char **argv)
{
   (void)argc; (void)argv;
   Py_Initialize();
   Py_Finalize();
   return 0;
}

<==
[1/2] Compiling [32mbuild/.conf_check_c51082e065c29b0eec0f804761706700/test.cpp[0m

['/usr/bin/clang++', '-O0', '-ggdb', '-g3', '-Wall', '-Werror', '-fPIC', '-fno-strict-aliasing', '-fno-common', '-dynamic', '-arch', 'x86_64', '-arch', 'i386', '-fno-common', '-fno-strict-aliasing', '-fwrapv', '-fwrapv', '-fPIC', '-I/System/Library/Frameworks/Python.framework/Versions/2.7/include/python2.7', '-DNS3_BUILD_PROFILE_DEBUG', '-DNS3_ASSERT_ENABLE', '-DNS3_LOG_ENABLE', '-DPYTHONDIR="/usr/local/lib/python2.7/site-packages"', '-DPYTHONARCHDIR="/usr/local/lib/python2.7/site-packages"', '-DHAVE_PYEMBED=1', '-DHAVE_PYEXT=1', '-DENABLE_DTRACE', '-DMACOSX', '-DNDEBUG', '-DNDEBUG', '-DENABLE_DTRACE', '../test.cpp', '-c', '-o', '/Users/ahume/Documents/UCSC/Thesis/ns-allinone-3.24.1/ns-3.24.1/build/.conf_check_c51082e065c29b0eec0f804761706700/testbuild/test.cpp.1.o']
[2/2] Linking [33mbuild/.conf_check_c51082e065c29b0eec0f804761706700/testbuild/testprog.so[0m

['/usr/bin/clang++', '-arch', 'x86_64', '-arch', 'i386', '-bundle', '-undefined', 'dynamic_lookup', 'test.cpp.1.o', '-o', '/Users/ahume/Documents/UCSC/Thesis/ns-allinone-3.24.1/ns-3.24.1/build/.conf_check_c51082e065c29b0eec0f804761706700/testbuild/testprog.so', '-framework', 'CoreFoundation', '-L/System/Library/Frameworks/Python.framework/Versions/2.7/lib/python2.7/config', '-ldl', '-lpython2.7']
yes
------------------------------------------------------------------
Checking for compilation flag -Wno-array-bounds support
==>
int main() { return 0; }
<==
[1/1] Compiling [32mbuild/.conf_check_3f2780386c05117c6476453a79e70a4f/test.cpp[0m

['/usr/bin/clang++', '-O0', '-ggdb', '-g3', '-Wall', '-Werror', '-Wno-array-bounds', '-DNS3_BUILD_PROFILE_DEBUG', '-DNS3_ASSERT_ENABLE', '-DNS3_LOG_ENABLE', '-DPYTHONDIR="/usr/local/lib/python2.7/site-packages"', '-DPYTHONARCHDIR="/usr/local/lib/python2.7/site-packages"', '-DHAVE_PYEMBED=1', '-DHAVE_PYEXT=1', '-DHAVE_PYTHON_H=1', '../test.cpp', '-c', '-o', '/Users/ahume/Documents/UCSC/Thesis/ns-allinone-3.24.1/ns-3.24.1/build/.conf_check_3f2780386c05117c6476453a79e70a4f/testbuild/test.cpp.1.o']
ok
------------------------------------------------------------------
Checking for pybindgen location
../pybindgen-0.17.0.post41+ngd10fa60 (guessed)
------------------------------------------------------------------
Checking for python module 'pybindgen'
['/usr/bin/python', '-c', "\nimport pybindgen as current_module\nversion = getattr(current_module, '__version__', None)\nif version is not None:\n\tprint(str(version))\nelse:\n\tprint('unknown version')\n"]
out: 0.17.0.post41+ngd10fa60

0.17.0.post41+ngd10fa60
------------------------------------------------------------------
Checking for pybindgen version
0.17.0.post41+ngd10fa60
------------------------------------------------------------------
Checking for code snippet
==>

#include <stdint.h>
#include <vector>

int main ()
{
   std::vector< uint64_t > t = std::vector< unsigned long > ();
   return 0;
}

<==
[1/1] Compiling [32mbuild/.conf_check_29e9321fbe353587333b20e2ec52ffde/test.cpp[0m

['/usr/bin/clang++', '-O0', '-ggdb', '-g3', '-Wall', '-Werror', '-DNS3_BUILD_PROFILE_DEBUG', '-DNS3_ASSERT_ENABLE', '-DNS3_LOG_ENABLE', '-DPYTHONDIR="/usr/local/lib/python2.7/site-packages"', '-DPYTHONARCHDIR="/usr/local/lib/python2.7/site-packages"', '-DHAVE_PYEMBED=1', '-DHAVE_PYEXT=1', '-DHAVE_PYTHON_H=1', '../test.cpp', '-c', '-o', '/Users/ahume/Documents/UCSC/Thesis/ns-allinone-3.24.1/ns-3.24.1/build/.conf_check_29e9321fbe353587333b20e2ec52ffde/testbuild/test.cpp.1.o']
err: ../test.cpp:7:28: error: no viable conversion from 'vector<unsigned long>' to 'vector<uint64_t>'
   std::vector< uint64_t > t = std::vector< unsigned long > ();
                           ^   ~~~~~~~~~~~~~~~~~~~~~~~~~~~~~~~
/Library/Developer/CommandLineTools/usr/bin/../include/c++/v1/vector:568:5: note: candidate constructor not viable: no known conversion from 'std::vector<unsigned long>' to 'const std::__1::vector<unsigned long long, std::__1::allocator<unsigned long long> > &' for 1st argument
    vector(const vector& __x);
    ^
1 error generated.

from /Users/ahume/Documents/UCSC/Thesis/ns-allinone-3.24.1/ns-3.24.1/bindings/python: Test does not build: Traceback (most recent call last):
  File "/Users/ahume/Documents/UCSC/Thesis/ns-allinone-3.24.1/ns-3.24.1/.waf-1.8.12-f00e5b53f6bbeab1384a38c9cc5d51f7/waflib/Configure.py", line 339, in run_build
    bld.compile()
  File "/Users/ahume/Documents/UCSC/Thesis/ns-allinone-3.24.1/ns-3.24.1/.waf-1.8.12-f00e5b53f6bbeab1384a38c9cc5d51f7/waflib/Build.py", line 182, in compile
    raise Errors.BuildError(self.producer.error)
BuildError: Build failed
 -> task in 'testprog' failed (exit status 1): 
	{task 4477075600: cxx test.cpp -> test.cpp.1.o}
['/usr/bin/clang++', '-O0', '-ggdb', '-g3', '-Wall', '-Werror', '-DNS3_BUILD_PROFILE_DEBUG', '-DNS3_ASSERT_ENABLE', '-DNS3_LOG_ENABLE', '-DPYTHONDIR="/usr/local/lib/python2.7/site-packages"', '-DPYTHONARCHDIR="/usr/local/lib/python2.7/site-packages"', '-DHAVE_PYEMBED=1', '-DHAVE_PYEXT=1', '-DHAVE_PYTHON_H=1', '../test.cpp', '-c', '-o', '/Users/ahume/Documents/UCSC/Thesis/ns-allinone-3.24.1/ns-3.24.1/build/.conf_check_29e9321fbe353587333b20e2ec52ffde/testbuild/test.cpp.1.o']

no
from /Users/ahume/Documents/UCSC/Thesis/ns-allinone-3.24.1/ns-3.24.1/bindings/python: The configuration failed
------------------------------------------------------------------
Checking for types uint64_t and unsigned long equivalence
yes
------------------------------------------------------------------
Checking for code snippet
==>

#include <stdint.h>
#include <vector>

int main ()
{
   std::vector< uint64_t > t = std::vector< unsigned long long > ();
   return 0;
}

<==
[1/1] Compiling [32mbuild/.conf_check_e3773546f356e53bb97f9a41d212c20f/test.cpp[0m

['/usr/bin/clang++', '-O0', '-ggdb', '-g3', '-Wall', '-Werror', '-DNS3_BUILD_PROFILE_DEBUG', '-DNS3_ASSERT_ENABLE', '-DNS3_LOG_ENABLE', '-DPYTHONDIR="/usr/local/lib/python2.7/site-packages"', '-DPYTHONARCHDIR="/usr/local/lib/python2.7/site-packages"', '-DHAVE_PYEMBED=1', '-DHAVE_PYEXT=1', '-DHAVE_PYTHON_H=1', '../test.cpp', '-c', '-o', '/Users/ahume/Documents/UCSC/Thesis/ns-allinone-3.24.1/ns-3.24.1/build/.conf_check_e3773546f356e53bb97f9a41d212c20f/testbuild/test.cpp.1.o']
yes
------------------------------------------------------------------
Checking for types uint64_t and unsigned long long equivalence
no
------------------------------------------------------------------
Checking for the apidefs that can be used for Python bindings
gcc-ILP32
------------------------------------------------------------------
Checking for internal GCC cxxabi
==>

# include <cxxabi.h>
int main ()
{
   const abi::__si_class_type_info *_typeinfo  __attribute__((unused)) = NULL;
   return 0;
}

<==
[1/2] Compiling [32mbuild/.conf_check_d4b124eb0b45bf89aa2a9c484bbb3623/test.cpp[0m

['/usr/bin/clang++', '-O0', '-ggdb', '-g3', '-Wall', '-Werror', '-DNS3_BUILD_PROFILE_DEBUG', '-DNS3_ASSERT_ENABLE', '-DNS3_LOG_ENABLE', '-DPYTHONDIR="/usr/local/lib/python2.7/site-packages"', '-DPYTHONARCHDIR="/usr/local/lib/python2.7/site-packages"', '-DHAVE_PYEMBED=1', '-DHAVE_PYEXT=1', '-DHAVE_PYTHON_H=1', '../test.cpp', '-c', '-o', '/Users/ahume/Documents/UCSC/Thesis/ns-allinone-3.24.1/ns-3.24.1/build/.conf_check_d4b124eb0b45bf89aa2a9c484bbb3623/testbuild/test.cpp.1.o']
err: ../test.cpp:5:15: error: no type named '__si_class_type_info' in namespace '__cxxabiv1'
   const abi::__si_class_type_info *_typeinfo  __attribute__((unused)) = NULL;
         ~~~~~^
1 error generated.

from /Users/ahume/Documents/UCSC/Thesis/ns-allinone-3.24.1/ns-3.24.1/bindings/python: Test does not build: Traceback (most recent call last):
  File "/Users/ahume/Documents/UCSC/Thesis/ns-allinone-3.24.1/ns-3.24.1/.waf-1.8.12-f00e5b53f6bbeab1384a38c9cc5d51f7/waflib/Configure.py", line 339, in run_build
    bld.compile()
  File "/Users/ahume/Documents/UCSC/Thesis/ns-allinone-3.24.1/ns-3.24.1/.waf-1.8.12-f00e5b53f6bbeab1384a38c9cc5d51f7/waflib/Build.py", line 182, in compile
    raise Errors.BuildError(self.producer.error)
BuildError: Build failed
 -> task in 'testprog' failed (exit status 1): 
	{task 4477057616: cxx test.cpp -> test.cpp.1.o}
['/usr/bin/clang++', '-O0', '-ggdb', '-g3', '-Wall', '-Werror', '-DNS3_BUILD_PROFILE_DEBUG', '-DNS3_ASSERT_ENABLE', '-DNS3_LOG_ENABLE', '-DPYTHONDIR="/usr/local/lib/python2.7/site-packages"', '-DPYTHONARCHDIR="/usr/local/lib/python2.7/site-packages"', '-DHAVE_PYEMBED=1', '-DHAVE_PYEXT=1', '-DHAVE_PYTHON_H=1', '../test.cpp', '-c', '-o', '/Users/ahume/Documents/UCSC/Thesis/ns-allinone-3.24.1/ns-3.24.1/build/.conf_check_d4b124eb0b45bf89aa2a9c484bbb3623/testbuild/test.cpp.1.o']

incomplete
from /Users/ahume/Documents/UCSC/Thesis/ns-allinone-3.24.1/ns-3.24.1/bindings/python: The configuration failed
------------------------------------------------------------------
Checking for python module 'pygccxml'
['/usr/bin/python', '-c', "\nimport pygccxml as current_module\nversion = getattr(current_module, '__version__', None)\nif version is not None:\n\tprint(str(version))\nelse:\n\tprint('unknown version')\n"]
err: Traceback (most recent call last):
  File "<string>", line 2, in <module>
ImportError: No module named pygccxml

not found
from /Users/ahume/Documents/UCSC/Thesis/ns-allinone-3.24.1/ns-3.24.1/bindings/python: Could not find the python module 'pygccxml'
------------------------------------------------------------------
Checking boost includes
headers not found, please provide a --boost-includes argument (see help)
from /Users/ahume/Documents/UCSC/Thesis/ns-allinone-3.24.1/ns-3.24.1/src: The configuration failed
------------------------------------------------------------------
Checking boost includes
headers not found, please provide a --boost-includes argument (see help)
from /Users/ahume/Documents/UCSC/Thesis/ns-allinone-3.24.1/ns-3.24.1/src: The configuration failed
------------------------------------------------------------------
Checking for click location
not found
------------------------------------------------------------------
Checking for program 'pkg-config'
not found
find program=['pkg-config'] paths=['/Users/ahume/.cabal/bin', '/Applications/ghc-7.8.3.app/Contents/bin', '/usr/bin', '/bin', '/usr/sbin', '/sbin', '/usr/local/bin', '/opt/X11/bin', '/usr/local/git/bin', '/usr/texbin', '/Users/ahume/Documents/UCSC/Winter15/Havoc/repos/hotcloud/monitor'] var='PKGCONFIG' -> None
from /Users/ahume/Documents/UCSC/Thesis/ns-allinone-3.24.1/ns-3.24.1/src/config-store: Could not find the program ['pkg-config']
------------------------------------------------------------------
Checking for program 'pkg-config'
not found
find program=['pkg-config'] paths=['/Users/ahume/.cabal/bin', '/Applications/ghc-7.8.3.app/Contents/bin', '/usr/bin', '/bin', '/usr/sbin', '/sbin', '/usr/local/bin', '/opt/X11/bin', '/usr/local/git/bin', '/usr/texbin', '/Users/ahume/Documents/UCSC/Winter15/Havoc/repos/hotcloud/monitor'] var='PKGCONFIG' -> None
from /Users/ahume/Documents/UCSC/Thesis/ns-allinone-3.24.1/ns-3.24.1/src/config-store: Could not find the program ['pkg-config']
------------------------------------------------------------------
Checking for type uint128_t
==>
#include <stdint.h>

int main(int argc, char **argv) {
	(void)argc; (void)argv;
	if ((uint128_t *) 0) return 0;
	if (sizeof (uint128_t)) return 0;
	return 1;
}

<==
[1/2] Compiling [32mbuild/.conf_check_ae58b8ec39ba8f7aa430b7be9315fd7d/test.cpp[0m

['/usr/bin/clang++', '-O0', '-ggdb', '-g3', '-Wall', '-Werror', '-DNS3_BUILD_PROFILE_DEBUG', '-DNS3_ASSERT_ENABLE', '-DNS3_LOG_ENABLE', '../test.cpp', '-c', '-o', '/Users/ahume/Documents/UCSC/Thesis/ns-allinone-3.24.1/ns-3.24.1/build/.conf_check_ae58b8ec39ba8f7aa430b7be9315fd7d/testbuild/test.cpp.1.o']
err: ../test.cpp:5:7: error: use of undeclared identifier 'uint128_t'
        if ((uint128_t *) 0) return 0;
             ^
../test.cpp:5:18: error: expected expression
        if ((uint128_t *) 0) return 0;
                        ^
../test.cpp:6:14: error: use of undeclared identifier 'uint128_t'
        if (sizeof (uint128_t)) return 0;
                    ^
3 errors generated.

from /Users/ahume/Documents/UCSC/Thesis/ns-allinone-3.24.1/ns-3.24.1/src/core: Test does not build: Traceback (most recent call last):
  File "/Users/ahume/Documents/UCSC/Thesis/ns-allinone-3.24.1/ns-3.24.1/.waf-1.8.12-f00e5b53f6bbeab1384a38c9cc5d51f7/waflib/Configure.py", line 339, in run_build
    bld.compile()
  File "/Users/ahume/Documents/UCSC/Thesis/ns-allinone-3.24.1/ns-3.24.1/.waf-1.8.12-f00e5b53f6bbeab1384a38c9cc5d51f7/waflib/Build.py", line 182, in compile
    raise Errors.BuildError(self.producer.error)
BuildError: Build failed
 -> task in 'testprog' failed (exit status 1): 
	{task 4477078928: cxx test.cpp -> test.cpp.1.o}
['/usr/bin/clang++', '-O0', '-ggdb', '-g3', '-Wall', '-Werror', '-DNS3_BUILD_PROFILE_DEBUG', '-DNS3_ASSERT_ENABLE', '-DNS3_LOG_ENABLE', '../test.cpp', '-c', '-o', '/Users/ahume/Documents/UCSC/Thesis/ns-allinone-3.24.1/ns-3.24.1/build/.conf_check_ae58b8ec39ba8f7aa430b7be9315fd7d/testbuild/test.cpp.1.o']

not found
from /Users/ahume/Documents/UCSC/Thesis/ns-allinone-3.24.1/ns-3.24.1/src/core: The configuration failed
------------------------------------------------------------------
Checking for type __uint128_t
==>
#include <stdint.h>

int main(int argc, char **argv) {
	(void)argc; (void)argv;
	if ((__uint128_t *) 0) return 0;
	if (sizeof (__uint128_t)) return 0;
	return 1;
}

<==
[1/2] Compiling [32mbuild/.conf_check_85777630a399e344faada252c23c2886/test.cpp[0m

['/usr/bin/clang++', '-O0', '-ggdb', '-g3', '-Wall', '-Werror', '-DNS3_BUILD_PROFILE_DEBUG', '-DNS3_ASSERT_ENABLE', '-DNS3_LOG_ENABLE', '../test.cpp', '-c', '-o', '/Users/ahume/Documents/UCSC/Thesis/ns-allinone-3.24.1/ns-3.24.1/build/.conf_check_85777630a399e344faada252c23c2886/testbuild/test.cpp.1.o']
[2/2] Linking [33mbuild/.conf_check_85777630a399e344faada252c23c2886/testbuild/testprog[0m

['/usr/bin/clang++', 'test.cpp.1.o', '-o', '/Users/ahume/Documents/UCSC/Thesis/ns-allinone-3.24.1/ns-3.24.1/build/.conf_check_85777630a399e344faada252c23c2886/testbuild/testprog']
yes
------------------------------------------------------------------
Checking high precision implementation
128-bit integer (default)
------------------------------------------------------------------
Checking for header stdint.h
==>
#include <stdint.h>

int main(int argc, char **argv) {
	(void)argc; (void)argv;
	return 0;
}

<==
[1/2] Compiling [32mbuild/.conf_check_e60eb5264eceb4e6ccb7af0eaf5d5195/test.cpp[0m

['/usr/bin/clang++', '-O0', '-ggdb', '-g3', '-Wall', '-Werror', '-DNS3_BUILD_PROFILE_DEBUG', '-DNS3_ASSERT_ENABLE', '-DNS3_LOG_ENABLE', '-DHAVE___UINT128_T=1', '-DINT64X64_USE_128=1', '../test.cpp', '-c', '-o', '/Users/ahume/Documents/UCSC/Thesis/ns-allinone-3.24.1/ns-3.24.1/build/.conf_check_e60eb5264eceb4e6ccb7af0eaf5d5195/testbuild/test.cpp.1.o']
[2/2] Linking [33mbuild/.conf_check_e60eb5264eceb4e6ccb7af0eaf5d5195/testbuild/testprog[0m

['/usr/bin/clang++', 'test.cpp.1.o', '-o', '/Users/ahume/Documents/UCSC/Thesis/ns-allinone-3.24.1/ns-3.24.1/build/.conf_check_e60eb5264eceb4e6ccb7af0eaf5d5195/testbuild/testprog']
yes
------------------------------------------------------------------
Checking for header inttypes.h
==>
#include <inttypes.h>

int main(int argc, char **argv) {
	(void)argc; (void)argv;
	return 0;
}

<==
[1/2] Compiling [32mbuild/.conf_check_0b415b44b9b9c6b16a14ef2ba2abecc8/test.cpp[0m

['/usr/bin/clang++', '-O0', '-ggdb', '-g3', '-Wall', '-Werror', '-DNS3_BUILD_PROFILE_DEBUG', '-DNS3_ASSERT_ENABLE', '-DNS3_LOG_ENABLE', '-DHAVE___UINT128_T=1', '-DINT64X64_USE_128=1', '-DHAVE_STDINT_H=1', '../test.cpp', '-c', '-o', '/Users/ahume/Documents/UCSC/Thesis/ns-allinone-3.24.1/ns-3.24.1/build/.conf_check_0b415b44b9b9c6b16a14ef2ba2abecc8/testbuild/test.cpp.1.o']
[2/2] Linking [33mbuild/.conf_check_0b415b44b9b9c6b16a14ef2ba2abecc8/testbuild/testprog[0m

['/usr/bin/clang++', 'test.cpp.1.o', '-o', '/Users/ahume/Documents/UCSC/Thesis/ns-allinone-3.24.1/ns-3.24.1/build/.conf_check_0b415b44b9b9c6b16a14ef2ba2abecc8/testbuild/testprog']
yes
------------------------------------------------------------------
Checking for header sys/inttypes.h
==>
#include <sys/inttypes.h>

int main(int argc, char **argv) {
	(void)argc; (void)argv;
	return 0;
}

<==
[1/2] Compiling [32mbuild/.conf_check_6877623da95cb0de1a69541d27d78a20/test.cpp[0m

['/usr/bin/clang++', '-O0', '-ggdb', '-g3', '-Wall', '-Werror', '-DNS3_BUILD_PROFILE_DEBUG', '-DNS3_ASSERT_ENABLE', '-DNS3_LOG_ENABLE', '-DHAVE___UINT128_T=1', '-DINT64X64_USE_128=1', '-DHAVE_STDINT_H=1', '-DHAVE_INTTYPES_H=1', '../test.cpp', '-c', '-o', '/Users/ahume/Documents/UCSC/Thesis/ns-allinone-3.24.1/ns-3.24.1/build/.conf_check_6877623da95cb0de1a69541d27d78a20/testbuild/test.cpp.1.o']
err: ../test.cpp:1:10: fatal error: 'sys/inttypes.h' file not found
#include <sys/inttypes.h>
         ^
1 error generated.

from /Users/ahume/Documents/UCSC/Thesis/ns-allinone-3.24.1/ns-3.24.1/src/core: Test does not build: Traceback (most recent call last):
  File "/Users/ahume/Documents/UCSC/Thesis/ns-allinone-3.24.1/ns-3.24.1/.waf-1.8.12-f00e5b53f6bbeab1384a38c9cc5d51f7/waflib/Configure.py", line 339, in run_build
    bld.compile()
  File "/Users/ahume/Documents/UCSC/Thesis/ns-allinone-3.24.1/ns-3.24.1/.waf-1.8.12-f00e5b53f6bbeab1384a38c9cc5d51f7/waflib/Build.py", line 182, in compile
    raise Errors.BuildError(self.producer.error)
BuildError: Build failed
 -> task in 'testprog' failed (exit status 1): 
	{task 4477177296: cxx test.cpp -> test.cpp.1.o}
['/usr/bin/clang++', '-O0', '-ggdb', '-g3', '-Wall', '-Werror', '-DNS3_BUILD_PROFILE_DEBUG', '-DNS3_ASSERT_ENABLE', '-DNS3_LOG_ENABLE', '-DHAVE___UINT128_T=1', '-DINT64X64_USE_128=1', '-DHAVE_STDINT_H=1', '-DHAVE_INTTYPES_H=1', '../test.cpp', '-c', '-o', '/Users/ahume/Documents/UCSC/Thesis/ns-allinone-3.24.1/ns-3.24.1/build/.conf_check_6877623da95cb0de1a69541d27d78a20/testbuild/test.cpp.1.o']

not found
from /Users/ahume/Documents/UCSC/Thesis/ns-allinone-3.24.1/ns-3.24.1/src/core: The configuration failed
------------------------------------------------------------------
Checking for header sys/types.h
==>
#include <sys/types.h>

int main(int argc, char **argv) {
	(void)argc; (void)argv;
	return 0;
}

<==
[1/2] Compiling [32mbuild/.conf_check_30c0724e5c226c7a4a7c7f26bfc0fc48/test.cpp[0m

['/usr/bin/clang++', '-O0', '-ggdb', '-g3', '-Wall', '-Werror', '-DNS3_BUILD_PROFILE_DEBUG', '-DNS3_ASSERT_ENABLE', '-DNS3_LOG_ENABLE', '-DHAVE___UINT128_T=1', '-DINT64X64_USE_128=1', '-DHAVE_STDINT_H=1', '-DHAVE_INTTYPES_H=1', '../test.cpp', '-c', '-o', '/Users/ahume/Documents/UCSC/Thesis/ns-allinone-3.24.1/ns-3.24.1/build/.conf_check_30c0724e5c226c7a4a7c7f26bfc0fc48/testbuild/test.cpp.1.o']
[2/2] Linking [33mbuild/.conf_check_30c0724e5c226c7a4a7c7f26bfc0fc48/testbuild/testprog[0m

['/usr/bin/clang++', 'test.cpp.1.o', '-o', '/Users/ahume/Documents/UCSC/Thesis/ns-allinone-3.24.1/ns-3.24.1/build/.conf_check_30c0724e5c226c7a4a7c7f26bfc0fc48/testbuild/testprog']
yes
------------------------------------------------------------------
Checking for header sys/stat.h
==>
#include <sys/stat.h>

int main(int argc, char **argv) {
	(void)argc; (void)argv;
	return 0;
}

<==
[1/2] Compiling [32mbuild/.conf_check_a2836f398eaf8cc34d8716acbc2838c4/test.cpp[0m

['/usr/bin/clang++', '-O0', '-ggdb', '-g3', '-Wall', '-Werror', '-DNS3_BUILD_PROFILE_DEBUG', '-DNS3_ASSERT_ENABLE', '-DNS3_LOG_ENABLE', '-DHAVE___UINT128_T=1', '-DINT64X64_USE_128=1', '-DHAVE_STDINT_H=1', '-DHAVE_INTTYPES_H=1', '-DHAVE_SYS_TYPES_H=1', '../test.cpp', '-c', '-o', '/Users/ahume/Documents/UCSC/Thesis/ns-allinone-3.24.1/ns-3.24.1/build/.conf_check_a2836f398eaf8cc34d8716acbc2838c4/testbuild/test.cpp.1.o']
[2/2] Linking [33mbuild/.conf_check_a2836f398eaf8cc34d8716acbc2838c4/testbuild/testprog[0m

['/usr/bin/clang++', 'test.cpp.1.o', '-o', '/Users/ahume/Documents/UCSC/Thesis/ns-allinone-3.24.1/ns-3.24.1/build/.conf_check_a2836f398eaf8cc34d8716acbc2838c4/testbuild/testprog']
yes
------------------------------------------------------------------
Checking for header dirent.h
==>
#include <dirent.h>

int main(int argc, char **argv) {
	(void)argc; (void)argv;
	return 0;
}

<==
[1/2] Compiling [32mbuild/.conf_check_39a1fb6f57b2708e3935b9dd37029bd7/test.cpp[0m

['/usr/bin/clang++', '-O0', '-ggdb', '-g3', '-Wall', '-Werror', '-DNS3_BUILD_PROFILE_DEBUG', '-DNS3_ASSERT_ENABLE', '-DNS3_LOG_ENABLE', '-DHAVE___UINT128_T=1', '-DINT64X64_USE_128=1', '-DHAVE_STDINT_H=1', '-DHAVE_INTTYPES_H=1', '-DHAVE_SYS_TYPES_H=1', '-DHAVE_SYS_STAT_H=1', '../test.cpp', '-c', '-o', '/Users/ahume/Documents/UCSC/Thesis/ns-allinone-3.24.1/ns-3.24.1/build/.conf_check_39a1fb6f57b2708e3935b9dd37029bd7/testbuild/test.cpp.1.o']
[2/2] Linking [33mbuild/.conf_check_39a1fb6f57b2708e3935b9dd37029bd7/testbuild/testprog[0m

['/usr/bin/clang++', 'test.cpp.1.o', '-o', '/Users/ahume/Documents/UCSC/Thesis/ns-allinone-3.24.1/ns-3.24.1/build/.conf_check_39a1fb6f57b2708e3935b9dd37029bd7/testbuild/testprog']
yes
------------------------------------------------------------------
Checking for header stdlib.h
==>
#include <stdlib.h>

int main(int argc, char **argv) {
	(void)argc; (void)argv;
	return 0;
}

<==
[1/2] Compiling [32mbuild/.conf_check_a0b2dd4ddc105b926b52889a81190062/test.cpp[0m

['/usr/bin/clang++', '-O0', '-ggdb', '-g3', '-Wall', '-Werror', '-DNS3_BUILD_PROFILE_DEBUG', '-DNS3_ASSERT_ENABLE', '-DNS3_LOG_ENABLE', '-DHAVE___UINT128_T=1', '-DINT64X64_USE_128=1', '-DHAVE_STDINT_H=1', '-DHAVE_INTTYPES_H=1', '-DHAVE_SYS_TYPES_H=1', '-DHAVE_SYS_STAT_H=1', '-DHAVE_DIRENT_H=1', '../test.cpp', '-c', '-o', '/Users/ahume/Documents/UCSC/Thesis/ns-allinone-3.24.1/ns-3.24.1/build/.conf_check_a0b2dd4ddc105b926b52889a81190062/testbuild/test.cpp.1.o']
[2/2] Linking [33mbuild/.conf_check_a0b2dd4ddc105b926b52889a81190062/testbuild/testprog[0m

['/usr/bin/clang++', 'test.cpp.1.o', '-o', '/Users/ahume/Documents/UCSC/Thesis/ns-allinone-3.24.1/ns-3.24.1/build/.conf_check_a0b2dd4ddc105b926b52889a81190062/testbuild/testprog']
yes
------------------------------------------------------------------
Checking for header signal.h
==>
#include <signal.h>

int main(int argc, char **argv) {
	(void)argc; (void)argv;
	return 0;
}

<==
[1/2] Compiling [32mbuild/.conf_check_1b4d564a168865917261a63250dfa781/test.cpp[0m

['/usr/bin/clang++', '-O0', '-ggdb', '-g3', '-Wall', '-Werror', '-DNS3_BUILD_PROFILE_DEBUG', '-DNS3_ASSERT_ENABLE', '-DNS3_LOG_ENABLE', '-DHAVE___UINT128_T=1', '-DINT64X64_USE_128=1', '-DHAVE_STDINT_H=1', '-DHAVE_INTTYPES_H=1', '-DHAVE_SYS_TYPES_H=1', '-DHAVE_SYS_STAT_H=1', '-DHAVE_DIRENT_H=1', '-DHAVE_STDLIB_H=1', '-DHAVE_GETENV=1', '../test.cpp', '-c', '-o', '/Users/ahume/Documents/UCSC/Thesis/ns-allinone-3.24.1/ns-3.24.1/build/.conf_check_1b4d564a168865917261a63250dfa781/testbuild/test.cpp.1.o']
[2/2] Linking [33mbuild/.conf_check_1b4d564a168865917261a63250dfa781/testbuild/testprog[0m

['/usr/bin/clang++', 'test.cpp.1.o', '-o', '/Users/ahume/Documents/UCSC/Thesis/ns-allinone-3.24.1/ns-3.24.1/build/.conf_check_1b4d564a168865917261a63250dfa781/testbuild/testprog']
yes
------------------------------------------------------------------
Checking for header pthread.h
==>

#include <pthread.h>
int main ()
{
   pthread_mutex_t m;
   pthread_mutex_init (&m, NULL);
   return 0;
}

<==
[1/2] Compiling [32mbuild/.conf_check_390de6abf135b4319848d69ff655b7eb/test.cpp[0m

['/usr/bin/clang++', '-O0', '-ggdb', '-g3', '-Wall', '-Werror', '-DNS3_BUILD_PROFILE_DEBUG', '-DNS3_ASSERT_ENABLE', '-DNS3_LOG_ENABLE', '-DHAVE___UINT128_T=1', '-DINT64X64_USE_128=1', '-DHAVE_STDINT_H=1', '-DHAVE_INTTYPES_H=1', '-DHAVE_SYS_TYPES_H=1', '-DHAVE_SYS_STAT_H=1', '-DHAVE_DIRENT_H=1', '-DHAVE_STDLIB_H=1', '-DHAVE_GETENV=1', '-DHAVE_SIGNAL_H=1', '../test.cpp', '-c', '-o', '/Users/ahume/Documents/UCSC/Thesis/ns-allinone-3.24.1/ns-3.24.1/build/.conf_check_390de6abf135b4319848d69ff655b7eb/testbuild/test.cpp.1.o']
[2/2] Linking [33mbuild/.conf_check_390de6abf135b4319848d69ff655b7eb/testbuild/testprog[0m

['/usr/bin/clang++', 'test.cpp.1.o', '-o', '/Users/ahume/Documents/UCSC/Thesis/ns-allinone-3.24.1/ns-3.24.1/build/.conf_check_390de6abf135b4319848d69ff655b7eb/testbuild/testprog']
yes
------------------------------------------------------------------
Checking for header stdint.h
==>
#include <stdint.h>

int main(int argc, char **argv) {
	(void)argc; (void)argv;
	return 0;
}

<==
[1/2] Compiling [32mbuild/.conf_check_e60eb5264eceb4e6ccb7af0eaf5d5195/test.cpp[0m

['/usr/bin/clang++', '-O0', '-ggdb', '-g3', '-Wall', '-Werror', '-DNS3_BUILD_PROFILE_DEBUG', '-DNS3_ASSERT_ENABLE', '-DNS3_LOG_ENABLE', '-DHAVE___UINT128_T=1', '-DINT64X64_USE_128=1', '-DHAVE_INTTYPES_H=1', '-DHAVE_SYS_TYPES_H=1', '-DHAVE_SYS_STAT_H=1', '-DHAVE_DIRENT_H=1', '-DHAVE_STDLIB_H=1', '-DHAVE_GETENV=1', '-DHAVE_SIGNAL_H=1', '-DHAVE_PTHREAD_H=1', '../test.cpp', '-c', '-o', '/Users/ahume/Documents/UCSC/Thesis/ns-allinone-3.24.1/ns-3.24.1/build/.conf_check_e60eb5264eceb4e6ccb7af0eaf5d5195/testbuild/test.cpp.1.o']
[2/2] Linking [33mbuild/.conf_check_e60eb5264eceb4e6ccb7af0eaf5d5195/testbuild/testprog[0m

['/usr/bin/clang++', 'test.cpp.1.o', '-o', '/Users/ahume/Documents/UCSC/Thesis/ns-allinone-3.24.1/ns-3.24.1/build/.conf_check_e60eb5264eceb4e6ccb7af0eaf5d5195/testbuild/testprog']
yes
------------------------------------------------------------------
Checking for header inttypes.h
==>
#include <inttypes.h>

int main(int argc, char **argv) {
	(void)argc; (void)argv;
	return 0;
}

<==
[1/2] Compiling [32mbuild/.conf_check_0b415b44b9b9c6b16a14ef2ba2abecc8/test.cpp[0m

['/usr/bin/clang++', '-O0', '-ggdb', '-g3', '-Wall', '-Werror', '-DNS3_BUILD_PROFILE_DEBUG', '-DNS3_ASSERT_ENABLE', '-DNS3_LOG_ENABLE', '-DHAVE___UINT128_T=1', '-DINT64X64_USE_128=1', '-DHAVE_SYS_TYPES_H=1', '-DHAVE_SYS_STAT_H=1', '-DHAVE_DIRENT_H=1', '-DHAVE_STDLIB_H=1', '-DHAVE_GETENV=1', '-DHAVE_SIGNAL_H=1', '-DHAVE_PTHREAD_H=1', '-DHAVE_STDINT_H=1', '../test.cpp', '-c', '-o', '/Users/ahume/Documents/UCSC/Thesis/ns-allinone-3.24.1/ns-3.24.1/build/.conf_check_0b415b44b9b9c6b16a14ef2ba2abecc8/testbuild/test.cpp.1.o']
[2/2] Linking [33mbuild/.conf_check_0b415b44b9b9c6b16a14ef2ba2abecc8/testbuild/testprog[0m

['/usr/bin/clang++', 'test.cpp.1.o', '-o', '/Users/ahume/Documents/UCSC/Thesis/ns-allinone-3.24.1/ns-3.24.1/build/.conf_check_0b415b44b9b9c6b16a14ef2ba2abecc8/testbuild/testprog']
yes
------------------------------------------------------------------
Checking for header sys/inttypes.h
==>
#include <sys/inttypes.h>

int main(int argc, char **argv) {
	(void)argc; (void)argv;
	return 0;
}

<==
[1/2] Compiling [32mbuild/.conf_check_6877623da95cb0de1a69541d27d78a20/test.cpp[0m

['/usr/bin/clang++', '-O0', '-ggdb', '-g3', '-Wall', '-Werror', '-DNS3_BUILD_PROFILE_DEBUG', '-DNS3_ASSERT_ENABLE', '-DNS3_LOG_ENABLE', '-DHAVE___UINT128_T=1', '-DINT64X64_USE_128=1', '-DHAVE_SYS_TYPES_H=1', '-DHAVE_SYS_STAT_H=1', '-DHAVE_DIRENT_H=1', '-DHAVE_STDLIB_H=1', '-DHAVE_GETENV=1', '-DHAVE_SIGNAL_H=1', '-DHAVE_PTHREAD_H=1', '-DHAVE_STDINT_H=1', '-DHAVE_INTTYPES_H=1', '../test.cpp', '-c', '-o', '/Users/ahume/Documents/UCSC/Thesis/ns-allinone-3.24.1/ns-3.24.1/build/.conf_check_6877623da95cb0de1a69541d27d78a20/testbuild/test.cpp.1.o']
err: ../test.cpp:1:10: fatal error: 'sys/inttypes.h' file not found
#include <sys/inttypes.h>
         ^
1 error generated.

from /Users/ahume/Documents/UCSC/Thesis/ns-allinone-3.24.1/ns-3.24.1/src/core: Test does not build: Traceback (most recent call last):
  File "/Users/ahume/Documents/UCSC/Thesis/ns-allinone-3.24.1/ns-3.24.1/.waf-1.8.12-f00e5b53f6bbeab1384a38c9cc5d51f7/waflib/Configure.py", line 339, in run_build
    bld.compile()
  File "/Users/ahume/Documents/UCSC/Thesis/ns-allinone-3.24.1/ns-3.24.1/.waf-1.8.12-f00e5b53f6bbeab1384a38c9cc5d51f7/waflib/Build.py", line 182, in compile
    raise Errors.BuildError(self.producer.error)
BuildError: Build failed
 -> task in 'testprog' failed (exit status 1): 
	{task 4477176720: cxx test.cpp -> test.cpp.1.o}
['/usr/bin/clang++', '-O0', '-ggdb', '-g3', '-Wall', '-Werror', '-DNS3_BUILD_PROFILE_DEBUG', '-DNS3_ASSERT_ENABLE', '-DNS3_LOG_ENABLE', '-DHAVE___UINT128_T=1', '-DINT64X64_USE_128=1', '-DHAVE_SYS_TYPES_H=1', '-DHAVE_SYS_STAT_H=1', '-DHAVE_DIRENT_H=1', '-DHAVE_STDLIB_H=1', '-DHAVE_GETENV=1', '-DHAVE_SIGNAL_H=1', '-DHAVE_PTHREAD_H=1', '-DHAVE_STDINT_H=1', '-DHAVE_INTTYPES_H=1', '../test.cpp', '-c', '-o', '/Users/ahume/Documents/UCSC/Thesis/ns-allinone-3.24.1/ns-3.24.1/build/.conf_check_6877623da95cb0de1a69541d27d78a20/testbuild/test.cpp.1.o']

not found
from /Users/ahume/Documents/UCSC/Thesis/ns-allinone-3.24.1/ns-3.24.1/src/core: The configuration failed
------------------------------------------------------------------
Checking for library rt
==>

int main(int argc, char **argv) {
	(void)argc; (void)argv;
	return 0;
}

<==
[1/2] Compiling [32mbuild/.conf_check_1d2401a30e445f075fcf9e881838ca8d/test.cpp[0m

['/usr/bin/clang++', '-O0', '-ggdb', '-g3', '-Wall', '-Werror', '-DNS3_BUILD_PROFILE_DEBUG', '-DNS3_ASSERT_ENABLE', '-DNS3_LOG_ENABLE', '-DHAVE___UINT128_T=1', '-DINT64X64_USE_128=1', '-DHAVE_SYS_TYPES_H=1', '-DHAVE_SYS_STAT_H=1', '-DHAVE_DIRENT_H=1', '-DHAVE_STDLIB_H=1', '-DHAVE_GETENV=1', '-DHAVE_SIGNAL_H=1', '-DHAVE_PTHREAD_H=1', '-DHAVE_STDINT_H=1', '-DHAVE_INTTYPES_H=1', '../test.cpp', '-c', '-o', '/Users/ahume/Documents/UCSC/Thesis/ns-allinone-3.24.1/ns-3.24.1/build/.conf_check_1d2401a30e445f075fcf9e881838ca8d/testbuild/test.cpp.1.o']
[2/2] Linking [33mbuild/.conf_check_1d2401a30e445f075fcf9e881838ca8d/testbuild/testprog[0m

['/usr/bin/clang++', 'test.cpp.1.o', '-o', '/Users/ahume/Documents/UCSC/Thesis/ns-allinone-3.24.1/ns-3.24.1/build/.conf_check_1d2401a30e445f075fcf9e881838ca8d/testbuild/testprog', '-lrt']
err: ld: library not found for -lrt
clang: error: linker command failed with exit code 1 (use -v to see invocation)

from /Users/ahume/Documents/UCSC/Thesis/ns-allinone-3.24.1/ns-3.24.1/src/core: Test does not build: Traceback (most recent call last):
  File "/Users/ahume/Documents/UCSC/Thesis/ns-allinone-3.24.1/ns-3.24.1/.waf-1.8.12-f00e5b53f6bbeab1384a38c9cc5d51f7/waflib/Configure.py", line 339, in run_build
    bld.compile()
  File "/Users/ahume/Documents/UCSC/Thesis/ns-allinone-3.24.1/ns-3.24.1/.waf-1.8.12-f00e5b53f6bbeab1384a38c9cc5d51f7/waflib/Build.py", line 182, in compile
    raise Errors.BuildError(self.producer.error)
BuildError: Build failed
 -> task in 'testprog' failed (exit status 1): 
	{task 4477252240: cxxprogram test.cpp.1.o -> testprog}
['/usr/bin/clang++', 'test.cpp.1.o', '-o', '/Users/ahume/Documents/UCSC/Thesis/ns-allinone-3.24.1/ns-3.24.1/build/.conf_check_1d2401a30e445f075fcf9e881838ca8d/testbuild/testprog', '-lrt']

not found
from /Users/ahume/Documents/UCSC/Thesis/ns-allinone-3.24.1/ns-3.24.1/src/core: The configuration failed
------------------------------------------------------------------
Checking for header sys/ioctl.h
==>
#include <sys/ioctl.h>

int main(int argc, char **argv) {
	(void)argc; (void)argv;
	return 0;
}

<==
[1/2] Compiling [32mbuild/.conf_check_9bff05a30ca4445f157d152417344d93/test.cpp[0m

['/usr/bin/clang++', '-O0', '-ggdb', '-g3', '-Wall', '-Werror', '-DNS3_BUILD_PROFILE_DEBUG', '-DNS3_ASSERT_ENABLE', '-DNS3_LOG_ENABLE', '../test.cpp', '-c', '-o', '/Users/ahume/Documents/UCSC/Thesis/ns-allinone-3.24.1/ns-3.24.1/build/.conf_check_9bff05a30ca4445f157d152417344d93/testbuild/test.cpp.1.o']
[2/2] Linking [33mbuild/.conf_check_9bff05a30ca4445f157d152417344d93/testbuild/testprog[0m

['/usr/bin/clang++', 'test.cpp.1.o', '-o', '/Users/ahume/Documents/UCSC/Thesis/ns-allinone-3.24.1/ns-3.24.1/build/.conf_check_9bff05a30ca4445f157d152417344d93/testbuild/testprog']
yes
------------------------------------------------------------------
Checking for header net/if.h
==>
#include <net/if.h>

int main(int argc, char **argv) {
	(void)argc; (void)argv;
	return 0;
}

<==
[1/2] Compiling [32mbuild/.conf_check_c1ab445a4940094f4b75ea1ab0b32bc1/test.cpp[0m

['/usr/bin/clang++', '-O0', '-ggdb', '-g3', '-Wall', '-Werror', '-DNS3_BUILD_PROFILE_DEBUG', '-DNS3_ASSERT_ENABLE', '-DNS3_LOG_ENABLE', '-DHAVE_SYS_IOCTL_H=1', '../test.cpp', '-c', '-o', '/Users/ahume/Documents/UCSC/Thesis/ns-allinone-3.24.1/ns-3.24.1/build/.conf_check_c1ab445a4940094f4b75ea1ab0b32bc1/testbuild/test.cpp.1.o']
[2/2] Linking [33mbuild/.conf_check_c1ab445a4940094f4b75ea1ab0b32bc1/testbuild/testprog[0m

['/usr/bin/clang++', 'test.cpp.1.o', '-o', '/Users/ahume/Documents/UCSC/Thesis/ns-allinone-3.24.1/ns-3.24.1/build/.conf_check_c1ab445a4940094f4b75ea1ab0b32bc1/testbuild/testprog']
yes
------------------------------------------------------------------
Checking for header net/ethernet.h
==>
#include <net/ethernet.h>

int main(int argc, char **argv) {
	(void)argc; (void)argv;
	return 0;
}

<==
[1/2] Compiling [32mbuild/.conf_check_3026848be4a8709aeb5876bef2cb51fa/test.cpp[0m

['/usr/bin/clang++', '-O0', '-ggdb', '-g3', '-Wall', '-Werror', '-DNS3_BUILD_PROFILE_DEBUG', '-DNS3_ASSERT_ENABLE', '-DNS3_LOG_ENABLE', '-DHAVE_SYS_IOCTL_H=1', '-DHAVE_IF_NETS_H=1', '../test.cpp', '-c', '-o', '/Users/ahume/Documents/UCSC/Thesis/ns-allinone-3.24.1/ns-3.24.1/build/.conf_check_3026848be4a8709aeb5876bef2cb51fa/testbuild/test.cpp.1.o']
[2/2] Linking [33mbuild/.conf_check_3026848be4a8709aeb5876bef2cb51fa/testbuild/testprog[0m

['/usr/bin/clang++', 'test.cpp.1.o', '-o', '/Users/ahume/Documents/UCSC/Thesis/ns-allinone-3.24.1/ns-3.24.1/build/.conf_check_3026848be4a8709aeb5876bef2cb51fa/testbuild/testprog']
yes
------------------------------------------------------------------
Checking for header linux/if_tun.h
==>
#include <linux/if_tun.h>

int main(int argc, char **argv) {
	(void)argc; (void)argv;
	return 0;
}

<==
[1/2] Compiling [32mbuild/.conf_check_2126930659cd487d893e2b27bca2c94b/test.cpp[0m

['/usr/bin/clang++', '-O0', '-ggdb', '-g3', '-Wall', '-Werror', '-DNS3_BUILD_PROFILE_DEBUG', '-DNS3_ASSERT_ENABLE', '-DNS3_LOG_ENABLE', '-DHAVE_SYS_IOCTL_H=1', '-DHAVE_IF_NETS_H=1', '-DHAVE_NET_ETHERNET_H=1', '../test.cpp', '-c', '-o', '/Users/ahume/Documents/UCSC/Thesis/ns-allinone-3.24.1/ns-3.24.1/build/.conf_check_2126930659cd487d893e2b27bca2c94b/testbuild/test.cpp.1.o']
err: ../test.cpp:1:10: fatal error: 'linux/if_tun.h' file not found
#include <linux/if_tun.h>
         ^
1 error generated.

from /Users/ahume/Documents/UCSC/Thesis/ns-allinone-3.24.1/ns-3.24.1/src/fd-net-device: Test does not build: Traceback (most recent call last):
  File "/Users/ahume/Documents/UCSC/Thesis/ns-allinone-3.24.1/ns-3.24.1/.waf-1.8.12-f00e5b53f6bbeab1384a38c9cc5d51f7/waflib/Configure.py", line 339, in run_build
    bld.compile()
  File "/Users/ahume/Documents/UCSC/Thesis/ns-allinone-3.24.1/ns-3.24.1/.waf-1.8.12-f00e5b53f6bbeab1384a38c9cc5d51f7/waflib/Build.py", line 182, in compile
    raise Errors.BuildError(self.producer.error)
BuildError: Build failed
 -> task in 'testprog' failed (exit status 1): 
	{task 4477177232: cxx test.cpp -> test.cpp.1.o}
['/usr/bin/clang++', '-O0', '-ggdb', '-g3', '-Wall', '-Werror', '-DNS3_BUILD_PROFILE_DEBUG', '-DNS3_ASSERT_ENABLE', '-DNS3_LOG_ENABLE', '-DHAVE_SYS_IOCTL_H=1', '-DHAVE_IF_NETS_H=1', '-DHAVE_NET_ETHERNET_H=1', '../test.cpp', '-c', '-o', '/Users/ahume/Documents/UCSC/Thesis/ns-allinone-3.24.1/ns-3.24.1/build/.conf_check_2126930659cd487d893e2b27bca2c94b/testbuild/test.cpp.1.o']

not found
from /Users/ahume/Documents/UCSC/Thesis/ns-allinone-3.24.1/ns-3.24.1/src/fd-net-device: The configuration failed
------------------------------------------------------------------
Checking for header netpacket/packet.h
==>
#include <netpacket/packet.h>

int main(int argc, char **argv) {
	(void)argc; (void)argv;
	return 0;
}

<==
[1/2] Compiling [32mbuild/.conf_check_5d13da43f1fdae5aa5f8e093211fe1bb/test.cpp[0m

['/usr/bin/clang++', '-O0', '-ggdb', '-g3', '-Wall', '-Werror', '-DNS3_BUILD_PROFILE_DEBUG', '-DNS3_ASSERT_ENABLE', '-DNS3_LOG_ENABLE', '-DHAVE_SYS_IOCTL_H=1', '-DHAVE_IF_NETS_H=1', '-DHAVE_NET_ETHERNET_H=1', '../test.cpp', '-c', '-o', '/Users/ahume/Documents/UCSC/Thesis/ns-allinone-3.24.1/ns-3.24.1/build/.conf_check_5d13da43f1fdae5aa5f8e093211fe1bb/testbuild/test.cpp.1.o']
err: ../test.cpp:1:10: fatal error: 'netpacket/packet.h' file not found
#include <netpacket/packet.h>
         ^
1 error generated.

from /Users/ahume/Documents/UCSC/Thesis/ns-allinone-3.24.1/ns-3.24.1/src/fd-net-device: Test does not build: Traceback (most recent call last):
  File "/Users/ahume/Documents/UCSC/Thesis/ns-allinone-3.24.1/ns-3.24.1/.waf-1.8.12-f00e5b53f6bbeab1384a38c9cc5d51f7/waflib/Configure.py", line 339, in run_build
    bld.compile()
  File "/Users/ahume/Documents/UCSC/Thesis/ns-allinone-3.24.1/ns-3.24.1/.waf-1.8.12-f00e5b53f6bbeab1384a38c9cc5d51f7/waflib/Build.py", line 182, in compile
    raise Errors.BuildError(self.producer.error)
BuildError: Build failed
 -> task in 'testprog' failed (exit status 1): 
	{task 4477057744: cxx test.cpp -> test.cpp.1.o}
['/usr/bin/clang++', '-O0', '-ggdb', '-g3', '-Wall', '-Werror', '-DNS3_BUILD_PROFILE_DEBUG', '-DNS3_ASSERT_ENABLE', '-DNS3_LOG_ENABLE', '-DHAVE_SYS_IOCTL_H=1', '-DHAVE_IF_NETS_H=1', '-DHAVE_NET_ETHERNET_H=1', '../test.cpp', '-c', '-o', '/Users/ahume/Documents/UCSC/Thesis/ns-allinone-3.24.1/ns-3.24.1/build/.conf_check_5d13da43f1fdae5aa5f8e093211fe1bb/testbuild/test.cpp.1.o']

not found
from /Users/ahume/Documents/UCSC/Thesis/ns-allinone-3.24.1/ns-3.24.1/src/fd-net-device: The configuration failed
------------------------------------------------------------------
Checking for NSC location
not found
------------------------------------------------------------------
Checking for program 'pkg-config'
not found
find program=['pkg-config'] paths=['/Users/ahume/.cabal/bin', '/Applications/ghc-7.8.3.app/Contents/bin', '/usr/bin', '/bin', '/usr/sbin', '/sbin', '/usr/local/bin', '/opt/X11/bin', '/usr/local/git/bin', '/usr/texbin', '/Users/ahume/Documents/UCSC/Winter15/Havoc/repos/hotcloud/monitor'] var='PKGCONFIG' -> None
from /Users/ahume/Documents/UCSC/Thesis/ns-allinone-3.24.1/ns-3.24.1/src/stats: Could not find the program ['pkg-config']
------------------------------------------------------------------
Checking for header linux/if_tun.h
==>
#include <linux/if_tun.h>

int main(int argc, char **argv) {
	(void)argc; (void)argv;
	return 0;
}

<==
[1/2] Compiling [32mbuild/.conf_check_2126930659cd487d893e2b27bca2c94b/test.cpp[0m

['/usr/bin/clang++', '-O0', '-ggdb', '-g3', '-Wall', '-Werror', '-DNS3_BUILD_PROFILE_DEBUG', '-DNS3_ASSERT_ENABLE', '-DNS3_LOG_ENABLE', '-DHAVE_SYS_IOCTL_H=1', '-DHAVE_IF_NETS_H=1', '-DHAVE_NET_ETHERNET_H=1', '../test.cpp', '-c', '-o', '/Users/ahume/Documents/UCSC/Thesis/ns-allinone-3.24.1/ns-3.24.1/build/.conf_check_2126930659cd487d893e2b27bca2c94b/testbuild/test.cpp.1.o']
err: ../test.cpp:1:10: fatal error: 'linux/if_tun.h' file not found
#include <linux/if_tun.h>
         ^
1 error generated.

from /Users/ahume/Documents/UCSC/Thesis/ns-allinone-3.24.1/ns-3.24.1/src/tap-bridge: Test does not build: Traceback (most recent call last):
  File "/Users/ahume/Documents/UCSC/Thesis/ns-allinone-3.24.1/ns-3.24.1/.waf-1.8.12-f00e5b53f6bbeab1384a38c9cc5d51f7/waflib/Configure.py", line 339, in run_build
    bld.compile()
  File "/Users/ahume/Documents/UCSC/Thesis/ns-allinone-3.24.1/ns-3.24.1/.waf-1.8.12-f00e5b53f6bbeab1384a38c9cc5d51f7/waflib/Build.py", line 182, in compile
    raise Errors.BuildError(self.producer.error)
BuildError: Build failed
 -> task in 'testprog' failed (exit status 1): 
	{task 4477210960: cxx test.cpp -> test.cpp.1.o}
['/usr/bin/clang++', '-O0', '-ggdb', '-g3', '-Wall', '-Werror', '-DNS3_BUILD_PROFILE_DEBUG', '-DNS3_ASSERT_ENABLE', '-DNS3_LOG_ENABLE', '-DHAVE_SYS_IOCTL_H=1', '-DHAVE_IF_NETS_H=1', '-DHAVE_NET_ETHERNET_H=1', '../test.cpp', '-c', '-o', '/Users/ahume/Documents/UCSC/Thesis/ns-allinone-3.24.1/ns-3.24.1/build/.conf_check_2126930659cd487d893e2b27bca2c94b/testbuild/test.cpp.1.o']

not found
from /Users/ahume/Documents/UCSC/Thesis/ns-allinone-3.24.1/ns-3.24.1/src/tap-bridge: The configuration failed
------------------------------------------------------------------
Checking for python module 'gtk'
['/usr/bin/python', '-c', "\nimport gtk as current_module\nversion = getattr(current_module, '__version__', None)\nif version is not None:\n\tprint(str(version))\nelse:\n\tprint('unknown version')\n"]
err: Traceback (most recent call last):
  File "<string>", line 2, in <module>
ImportError: No module named gtk

not found
from /Users/ahume/Documents/UCSC/Thesis/ns-allinone-3.24.1/ns-3.24.1/src/visualizer: Could not find the python module 'gtk'
------------------------------------------------------------------
Checking for python module 'goocanvas'
['/usr/bin/python', '-c', "\nimport goocanvas as current_module\nversion = getattr(current_module, '__version__', None)\nif version is not None:\n\tprint(str(version))\nelse:\n\tprint('unknown version')\n"]
err: Traceback (most recent call last):
  File "<string>", line 2, in <module>
ImportError: No module named goocanvas

not found
from /Users/ahume/Documents/UCSC/Thesis/ns-allinone-3.24.1/ns-3.24.1/src/visualizer: Could not find the python module 'goocanvas'
------------------------------------------------------------------
Checking for python module 'pygraphviz'
['/usr/bin/python', '-c', "\nimport pygraphviz as current_module\nversion = getattr(current_module, '__version__', None)\nif version is not None:\n\tprint(str(version))\nelse:\n\tprint('unknown version')\n"]
err: Traceback (most recent call last):
  File "<string>", line 2, in <module>
ImportError: No module named pygraphviz

not found
from /Users/ahume/Documents/UCSC/Thesis/ns-allinone-3.24.1/ns-3.24.1/src/visualizer: Could not find the python module 'pygraphviz'
------------------------------------------------------------------
Checking for program 'sudo'
/usr/bin/sudo
find program=['sudo'] paths=['/Users/ahume/.cabal/bin', '/Applications/ghc-7.8.3.app/Contents/bin', '/usr/bin', '/bin', '/usr/sbin', '/sbin', '/usr/local/bin', '/opt/X11/bin', '/usr/local/git/bin', '/usr/texbin', '/Users/ahume/Documents/UCSC/Winter15/Havoc/repos/hotcloud/monitor'] var='SUDO' -> ['/usr/bin/sudo']
------------------------------------------------------------------
Checking for program 'valgrind'
not found
find program=['valgrind'] paths=['/Users/ahume/.cabal/bin', '/Applications/ghc-7.8.3.app/Contents/bin', '/usr/bin', '/bin', '/usr/sbin', '/sbin', '/usr/local/bin', '/opt/X11/bin', '/usr/local/git/bin', '/usr/texbin', '/Users/ahume/Documents/UCSC/Winter15/Havoc/repos/hotcloud/monitor'] var='VALGRIND' -> None
from /Users/ahume/Documents/UCSC/Thesis/ns-allinone-3.24.1/ns-3.24.1: Could not find the program ['valgrind']
------------------------------------------------------------------
Checking for program 'pkg-config'
not found
find program=['pkg-config'] paths=['/Users/ahume/.cabal/bin', '/Applications/ghc-7.8.3.app/Contents/bin', '/usr/bin', '/bin', '/usr/sbin', '/sbin', '/usr/local/bin', '/opt/X11/bin', '/usr/local/git/bin', '/usr/texbin', '/Users/ahume/Documents/UCSC/Winter15/Havoc/repos/hotcloud/monitor'] var='PKGCONFIG' -> None
from /Users/ahume/Documents/UCSC/Thesis/ns-allinone-3.24.1/ns-3.24.1: Could not find the program ['pkg-config']
------------------------------------------------------------------
Checking for program 'doxygen'
not found
find program=['doxygen'] paths=['/Users/ahume/.cabal/bin', '/Applications/ghc-7.8.3.app/Contents/bin', '/usr/bin', '/bin', '/usr/sbin', '/sbin', '/usr/local/bin', '/opt/X11/bin', '/usr/local/git/bin', '/usr/texbin', '/Users/ahume/Documents/UCSC/Winter15/Havoc/repos/hotcloud/monitor'] var='DOXYGEN' -> None
from /Users/ahume/Documents/UCSC/Thesis/ns-allinone-3.24.1/ns-3.24.1: Could not find the program ['doxygen']
